Time logs for 3loc-int-bfs-bsize1
==================================
Configuration:
==================================
BFS: true 
Batch size: 1 
Location Bound: 4 
Edge Bound: 8 
# Training Traces: 30 
k-Urgency: 3 
Max. Guard Constant: 20 
Solver: CVC4 
Mode: Integer 
Rounding: 100 
Learning time summary: 
==================================
Mean          :44.68           sec / 0.74       min
Max           :69.08           sec / 1.15       min
Min           :6.63            sec / 0.11       min
Median        :47.91           sec / 0.80       min
Automaton size summary: 
==================================
Mean          :2.90
Max           :3.00
Min           :2.00
Median        :3.00
Model metrics summary: 
==================================
Precision:
Mean          :0.97
Max           :1.00
Min           :0.87
Median        :1.00
Recall:
Mean          :0.87
Max           :0.99
Min           :0.78
Median        :0.90
F1:
Mean          :0.91
Max           :0.99
Min           :0.83
Median        :0.94
Results for individual experiments: 
==================================
Seed 1         :
Learning Time  : 49.13           sec / 0.82       min
TA Size        : 3
Model statistics
Evaluation Statistics for 200 pos. and 200 neg. traces: 
True Positives: 169
True Negatives: 199
False Positives: 1
False Negatives: 31
Precision: 0.99
Recall: 0.85
F1: 0.91
Seed 2         :
Learning Time  : 57.73           sec / 0.96       min
TA Size        : 3
Model statistics
Evaluation Statistics for 200 pos. and 200 neg. traces: 
True Positives: 155
True Negatives: 195
False Positives: 5
False Negatives: 45
Precision: 0.97
Recall: 0.78
F1: 0.86
Seed 3         :
Learning Time  : 32.69           sec / 0.54       min
TA Size        : 3
Model statistics
Evaluation Statistics for 200 pos. and 200 neg. traces: 
True Positives: 160
True Negatives: 190
False Positives: 10
False Negatives: 40
Precision: 0.94
Recall: 0.80
F1: 0.86
Seed 4         :
Learning Time  : 29.71           sec / 0.50       min
TA Size        : 3
Model statistics
Evaluation Statistics for 200 pos. and 200 neg. traces: 
True Positives: 184
True Negatives: 196
False Positives: 4
False Negatives: 16
Precision: 0.98
Recall: 0.92
F1: 0.95
Seed 10        :
Learning Time  : 69.08           sec / 1.15       min
TA Size        : 3
Model statistics
Evaluation Statistics for 200 pos. and 200 neg. traces: 
True Positives: 180
True Negatives: 200
False Positives: 0
False Negatives: 20
Precision: 1.00
Recall: 0.90
F1: 0.95
Seed 5         :
Learning Time  : 67.33           sec / 1.12       min
TA Size        : 3
Model statistics
Evaluation Statistics for 200 pos. and 200 neg. traces: 
True Positives: 178
True Negatives: 200
False Positives: 0
False Negatives: 22
Precision: 1.00
Recall: 0.89
F1: 0.94
Seed 6         :
Learning Time  : 67.08           sec / 1.12       min
TA Size        : 3
Model statistics
Evaluation Statistics for 200 pos. and 200 neg. traces: 
True Positives: 173
True Negatives: 199
False Positives: 1
False Negatives: 27
Precision: 0.99
Recall: 0.87
F1: 0.93
Seed 7         :
Learning Time  : 46.70           sec / 0.78       min
TA Size        : 3
Model statistics
Evaluation Statistics for 200 pos. and 200 neg. traces: 
True Positives: 175
True Negatives: 191
False Positives: 9
False Negatives: 25
Precision: 0.95
Recall: 0.88
F1: 0.91
Seed 8         :
Learning Time  : 6.63            sec / 0.11       min
TA Size        : 2
Model statistics
Evaluation Statistics for 200 pos. and 200 neg. traces: 
True Positives: 198
True Negatives: 198
False Positives: 2
False Negatives: 2
Precision: 0.99
Recall: 0.99
F1: 0.99
Seed 9         :
Learning Time  : 20.73           sec / 0.35       min
TA Size        : 3
Model statistics
Evaluation Statistics for 200 pos. and 200 neg. traces: 
True Positives: 160
True Negatives: 176
False Positives: 24
False Negatives: 40
Precision: 0.87
Recall: 0.80
F1: 0.83
