Time logs for 3loc-bv-bfs-bsize1
==================================
Configuration:
==================================
BFS: true 
Batch size: 1 
Location Bound: 4 
Edge Bound: 8 
# Training Traces: 30 
k-Urgency: 3 
Max. Guard Constant: 20 
Solver: CVC4 
Mode: BV 
Rounding: 100 
Learning time summary: 
==================================
Mean          :1090.83         sec / 18.18      min
Max           :6341.86         sec / 105.70     min
Min           :13.84           sec / 0.23       min
Median        :196.01          sec / 3.27       min
Automaton size summary: 
==================================
Mean          :2.90
Max           :3.00
Min           :2.00
Median        :3.00
Model metrics summary: 
==================================
Precision:
Mean          :0.96
Max           :1.00
Min           :0.80
Median        :1.00
Recall:
Mean          :0.92
Max           :0.97
Min           :0.87
Median        :0.88
F1:
Mean          :0.94
Max           :0.97
Min           :0.84
Median        :0.94
Results for individual experiments: 
==================================
Seed 1         :
Learning Time  : 156.56          sec / 2.61       min
TA Size        : 3
Model statistics
Evaluation Statistics for 200 pos. and 200 neg. traces: 
True Positives: 190
True Negatives: 199
False Positives: 1
False Negatives: 10
Precision: 0.99
Recall: 0.95
F1: 0.97
Seed 2         :
Learning Time  : 697.78          sec / 11.63      min
TA Size        : 3
Model statistics
Evaluation Statistics for 200 pos. and 200 neg. traces: 
True Positives: 180
True Negatives: 194
False Positives: 6
False Negatives: 20
Precision: 0.97
Recall: 0.90
F1: 0.93
Seed 3         :
Learning Time  : 203.67          sec / 3.39       min
TA Size        : 3
Model statistics
Evaluation Statistics for 200 pos. and 200 neg. traces: 
True Positives: 193
True Negatives: 189
False Positives: 11
False Negatives: 7
Precision: 0.95
Recall: 0.97
F1: 0.96
Seed 4         :
Learning Time  : 276.59          sec / 4.61       min
TA Size        : 3
Model statistics
Evaluation Statistics for 200 pos. and 200 neg. traces: 
True Positives: 193
True Negatives: 191
False Positives: 9
False Negatives: 7
Precision: 0.96
Recall: 0.97
F1: 0.96
Seed 10        :
Learning Time  : 2735.90         sec / 45.60      min
TA Size        : 3
Model statistics
Evaluation Statistics for 200 pos. and 200 neg. traces: 
True Positives: 174
True Negatives: 200
False Positives: 0
False Negatives: 26
Precision: 1.00
Recall: 0.87
F1: 0.93
Seed 5         :
Learning Time  : 6341.86         sec / 105.70     min
TA Size        : 3
Model statistics
Evaluation Statistics for 200 pos. and 200 neg. traces: 
True Positives: 179
True Negatives: 200
False Positives: 0
False Negatives: 21
Precision: 1.00
Recall: 0.90
F1: 0.94
Seed 6         :
Learning Time  : 188.34          sec / 3.14       min
TA Size        : 3
Model statistics
Evaluation Statistics for 200 pos. and 200 neg. traces: 
True Positives: 189
True Negatives: 192
False Positives: 8
False Negatives: 11
Precision: 0.96
Recall: 0.95
F1: 0.95
Seed 7         :
Learning Time  : 129.03          sec / 2.15       min
TA Size        : 3
Model statistics
Evaluation Statistics for 200 pos. and 200 neg. traces: 
True Positives: 187
True Negatives: 190
False Positives: 10
False Negatives: 13
Precision: 0.95
Recall: 0.94
F1: 0.94
Seed 8         :
Learning Time  : 13.84           sec / 0.23       min
TA Size        : 2
Model statistics
Evaluation Statistics for 200 pos. and 200 neg. traces: 
True Positives: 187
True Negatives: 198
False Positives: 2
False Negatives: 13
Precision: 0.99
Recall: 0.94
F1: 0.96
Seed 9         :
Learning Time  : 164.74          sec / 2.75       min
TA Size        : 3
Model statistics
Evaluation Statistics for 200 pos. and 200 neg. traces: 
True Positives: 175
True Negatives: 157
False Positives: 43
False Negatives: 25
Precision: 0.80
Recall: 0.88
F1: 0.84
