Time logs for 4loc-int-bfs-bsize1
==================================
Configuration:
==================================
BFS: true 
Batch size: 1 
Location Bound: 5 
Edge Bound: 10 
# Training Traces: 40 
k-Urgency: 3 
Max. Guard Constant: 20 
Solver: CVC4 
Mode: Integer 
Rounding: 100 
Learning time summary: 
==================================
Mean          :1487.82         sec / 24.80      min
Max           :10510.92        sec / 175.18     min
Min           :10.53           sec / 0.18       min
Median        :605.08          sec / 10.08      min
Automaton size summary: 
==================================
Mean          :3.60
Max           :4.00
Min           :2.00
Median        :4.00
Model metrics summary: 
==================================
Precision:
Mean          :0.99
Max           :1.00
Min           :0.96
Median        :0.99
Recall:
Mean          :0.84
Max           :0.94
Min           :0.71
Median        :0.77
F1:
Mean          :0.90
Max           :0.96
Min           :0.83
Median        :0.86
Results for individual experiments: 
==================================
Seed 1         :
Learning Time  : 551.70          sec / 9.19       min
TA Size        : 4
Model statistics
Evaluation Statistics for 200 pos. and 200 neg. traces: 
True Positives: 169
True Negatives: 200
False Positives: 0
False Negatives: 31
Precision: 1.00
Recall: 0.85
F1: 0.92
Seed 2         :
Learning Time  : 43.58           sec / 0.73       min
TA Size        : 3
Model statistics
Evaluation Statistics for 200 pos. and 200 neg. traces: 
True Positives: 183
True Negatives: 198
False Positives: 2
False Negatives: 17
Precision: 0.99
Recall: 0.92
F1: 0.95
Seed 3         :
Learning Time  : 87.76           sec / 1.46       min
TA Size        : 3
Model statistics
Evaluation Statistics for 200 pos. and 200 neg. traces: 
True Positives: 170
True Negatives: 197
False Positives: 3
False Negatives: 30
Precision: 0.98
Recall: 0.85
F1: 0.91
Seed 4         :
Learning Time  : 10.53           sec / 0.18       min
TA Size        : 2
Model statistics
Evaluation Statistics for 200 pos. and 200 neg. traces: 
True Positives: 187
True Negatives: 197
False Positives: 3
False Negatives: 13
Precision: 0.98
Recall: 0.94
F1: 0.96
Seed 10        :
Learning Time  : 828.83          sec / 13.81      min
TA Size        : 4
Model statistics
Evaluation Statistics for 200 pos. and 200 neg. traces: 
True Positives: 167
True Negatives: 195
False Positives: 5
False Negatives: 33
Precision: 0.97
Recall: 0.84
F1: 0.90
Seed 5         :
Learning Time  : 658.47          sec / 10.97      min
TA Size        : 4
Model statistics
Evaluation Statistics for 200 pos. and 200 neg. traces: 
True Positives: 142
True Negatives: 200
False Positives: 0
False Negatives: 58
Precision: 1.00
Recall: 0.71
F1: 0.83
Seed 6         :
Learning Time  : 277.23          sec / 4.62       min
TA Size        : 4
Model statistics
Evaluation Statistics for 200 pos. and 200 neg. traces: 
True Positives: 165
True Negatives: 198
False Positives: 2
False Negatives: 35
Precision: 0.99
Recall: 0.83
F1: 0.90
Seed 7         :
Learning Time  : 1174.33         sec / 19.57      min
TA Size        : 4
Model statistics
Evaluation Statistics for 200 pos. and 200 neg. traces: 
True Positives: 158
True Negatives: 200
False Positives: 0
False Negatives: 42
Precision: 1.00
Recall: 0.79
F1: 0.88
Seed 8         :
Learning Time  : 10510.92        sec / 175.18     min
TA Size        : 4
Model statistics
Evaluation Statistics for 200 pos. and 200 neg. traces: 
True Positives: 169
True Negatives: 199
False Positives: 1
False Negatives: 31
Precision: 0.99
Recall: 0.85
F1: 0.91
Seed 9         :
Learning Time  : 734.87          sec / 12.25      min
TA Size        : 4
Model statistics
Evaluation Statistics for 200 pos. and 200 neg. traces: 
True Positives: 160
True Negatives: 193
False Positives: 7
False Negatives: 40
Precision: 0.96
Recall: 0.80
F1: 0.87
