Time logs for 3loc-real-dfs-bsize1-mix_discrete_time
==================================
Configuration:
==================================
BFS: false 
Batch size: 1 
Location Bound: 4 
Edge Bound: 8 
# Training Traces: 30 
k-Urgency: 3 
Max. Guard Constant: 20 
Solver: YICES2 
Mode: Real 
Rounding: 1 
Learning time summary: 
==================================
Mean          :14.10           sec / 0.24       min
Max           :27.38           sec / 0.46       min
Min           :0.79            sec / 0.01       min
Median        :14.59           sec / 0.24       min
Automaton size summary: 
==================================
Mean          :2.90
Max           :3.00
Min           :2.00
Median        :3.00
Model metrics summary: 
==================================
Precision:
Mean          :0.94
Max           :1.00
Min           :0.79
Median        :1.00
Recall:
Mean          :0.99
Max           :1.00
Min           :0.93
Median        :1.00
F1:
Mean          :0.96
Max           :1.00
Min           :0.85
Median        :1.00
Results for individual experiments: 
==================================
Seed 1         :
Learning Time  : 14.09           sec / 0.23       min
TA Size        : 3
Model statistics
Evaluation Statistics for 200 pos. and 200 neg. traces: 
True Positives: 200
True Negatives: 199
False Positives: 1
False Negatives: 0
Precision: 1.00
Recall: 1.00
F1: 1.00
Seed 2         :
Learning Time  : 10.27           sec / 0.17       min
TA Size        : 3
Model statistics
Evaluation Statistics for 200 pos. and 200 neg. traces: 
True Positives: 200
True Negatives: 195
False Positives: 5
False Negatives: 0
Precision: 0.98
Recall: 1.00
F1: 0.99
Seed 3         :
Learning Time  : 17.77           sec / 0.30       min
TA Size        : 3
Model statistics
Evaluation Statistics for 200 pos. and 200 neg. traces: 
True Positives: 200
True Negatives: 185
False Positives: 15
False Negatives: 0
Precision: 0.93
Recall: 1.00
F1: 0.96
Seed 4         :
Learning Time  : 9.79            sec / 0.16       min
TA Size        : 3
Model statistics
Evaluation Statistics for 200 pos. and 200 neg. traces: 
True Positives: 188
True Negatives: 164
False Positives: 36
False Negatives: 12
Precision: 0.84
Recall: 0.94
F1: 0.89
Seed 10        :
Learning Time  : 13.85           sec / 0.23       min
TA Size        : 3
Model statistics
Evaluation Statistics for 200 pos. and 200 neg. traces: 
True Positives: 200
True Negatives: 200
False Positives: 0
False Negatives: 0
Precision: 1.00
Recall: 1.00
F1: 1.00
Seed 5         :
Learning Time  : 15.30           sec / 0.25       min
TA Size        : 3
Model statistics
Evaluation Statistics for 200 pos. and 200 neg. traces: 
True Positives: 200
True Negatives: 200
False Positives: 0
False Negatives: 0
Precision: 1.00
Recall: 1.00
F1: 1.00
Seed 6         :
Learning Time  : 15.09           sec / 0.25       min
TA Size        : 3
Model statistics
Evaluation Statistics for 200 pos. and 200 neg. traces: 
True Positives: 200
True Negatives: 197
False Positives: 3
False Negatives: 0
Precision: 0.99
Recall: 1.00
F1: 0.99
Seed 7         :
Learning Time  : 16.71           sec / 0.28       min
TA Size        : 3
Model statistics
Evaluation Statistics for 200 pos. and 200 neg. traces: 
True Positives: 200
True Negatives: 185
False Positives: 15
False Negatives: 0
Precision: 0.93
Recall: 1.00
F1: 0.96
Seed 8         :
Learning Time  : 0.79            sec / 0.01       min
TA Size        : 2
Model statistics
Evaluation Statistics for 200 pos. and 200 neg. traces: 
True Positives: 200
True Negatives: 198
False Positives: 2
False Negatives: 0
Precision: 0.99
Recall: 1.00
F1: 1.00
Seed 9         :
Learning Time  : 27.38           sec / 0.46       min
TA Size        : 3
Model statistics
Evaluation Statistics for 200 pos. and 200 neg. traces: 
True Positives: 185
True Negatives: 151
False Positives: 49
False Negatives: 15
Precision: 0.79
Recall: 0.93
F1: 0.85
