Time logs for 3loc-int-noninc
==================================
Configuration:
==================================
BFS: true 
Batch size: -1 
Location Bound: 4 
Edge Bound: 8 
# Training Traces: 30 
k-Urgency: 3 
Max. Guard Constant: 20 
Solver: YICES2 
Mode: Integer 
Rounding: 100 
Learning time summary: 
==================================
Mean          :37.28           sec / 0.62       min
Max           :47.09           sec / 0.78       min
Min           :17.52           sec / 0.29       min
Median        :38.95           sec / 0.65       min
Automaton size summary: 
==================================
Mean          :2.90
Max           :3.00
Min           :2.00
Median        :3.00
Model metrics summary: 
==================================
Precision:
Mean          :0.96
Max           :1.00
Min           :0.87
Median        :0.99
Recall:
Mean          :0.87
Max           :0.95
Min           :0.80
Median        :0.87
F1:
Mean          :0.92
Max           :0.95
Min           :0.87
Median        :0.92
Results for individual experiments: 
==================================
Seed 1         :
Learning Time  : 32.63           sec / 0.54       min
TA Size        : 3
Model statistics
Evaluation Statistics for 200 pos. and 200 neg. traces: 
True Positives: 180
True Negatives: 199
False Positives: 1
False Negatives: 20
Precision: 0.99
Recall: 0.90
F1: 0.94
Seed 2         :
Learning Time  : 37.34           sec / 0.62       min
TA Size        : 3
Model statistics
Evaluation Statistics for 200 pos. and 200 neg. traces: 
True Positives: 176
True Negatives: 194
False Positives: 6
False Negatives: 24
Precision: 0.97
Recall: 0.88
F1: 0.92
Seed 3         :
Learning Time  : 47.09           sec / 0.78       min
TA Size        : 3
Model statistics
Evaluation Statistics for 200 pos. and 200 neg. traces: 
True Positives: 162
True Negatives: 194
False Positives: 6
False Negatives: 38
Precision: 0.96
Recall: 0.81
F1: 0.88
Seed 4         :
Learning Time  : 38.03           sec / 0.63       min
TA Size        : 3
Model statistics
Evaluation Statistics for 200 pos. and 200 neg. traces: 
True Positives: 176
True Negatives: 174
False Positives: 26
False Negatives: 24
Precision: 0.87
Recall: 0.88
F1: 0.88
Seed 10        :
Learning Time  : 39.88           sec / 0.66       min
TA Size        : 3
Model statistics
Evaluation Statistics for 200 pos. and 200 neg. traces: 
True Positives: 166
True Negatives: 195
False Positives: 5
False Negatives: 34
Precision: 0.97
Recall: 0.83
F1: 0.89
Seed 5         :
Learning Time  : 36.02           sec / 0.60       min
TA Size        : 3
Model statistics
Evaluation Statistics for 200 pos. and 200 neg. traces: 
True Positives: 181
True Negatives: 200
False Positives: 0
False Negatives: 19
Precision: 1.00
Recall: 0.91
F1: 0.95
Seed 6         :
Learning Time  : 40.20           sec / 0.67       min
TA Size        : 3
Model statistics
Evaluation Statistics for 200 pos. and 200 neg. traces: 
True Positives: 160
True Negatives: 193
False Positives: 7
False Negatives: 40
Precision: 0.96
Recall: 0.80
F1: 0.87
Seed 7         :
Learning Time  : 41.22           sec / 0.69       min
TA Size        : 3
Model statistics
Evaluation Statistics for 200 pos. and 200 neg. traces: 
True Positives: 189
True Negatives: 188
False Positives: 12
False Negatives: 11
Precision: 0.94
Recall: 0.95
F1: 0.94
Seed 8         :
Learning Time  : 17.52           sec / 0.29       min
TA Size        : 2
Model statistics
Evaluation Statistics for 200 pos. and 200 neg. traces: 
True Positives: 180
True Negatives: 198
False Positives: 2
False Negatives: 20
Precision: 0.99
Recall: 0.90
F1: 0.94
Seed 9         :
Learning Time  : 42.88           sec / 0.71       min
TA Size        : 3
Model statistics
Evaluation Statistics for 200 pos. and 200 neg. traces: 
True Positives: 178
True Negatives: 199
False Positives: 1
False Negatives: 22
Precision: 0.99
Recall: 0.89
F1: 0.94
