Time logs for 3loc-real-bfs-bsize1-mix_discrete_time
==================================
Configuration:
==================================
BFS: true 
Batch size: 1 
Location Bound: 4 
Edge Bound: 8 
# Training Traces: 30 
k-Urgency: 3 
Max. Guard Constant: 20 
Solver: YICES2 
Mode: Real 
Rounding: 1 
Learning time summary: 
==================================
Mean          :8.61            sec / 0.14       min
Max           :15.90           sec / 0.27       min
Min           :2.72            sec / 0.05       min
Median        :8.20            sec / 0.14       min
Automaton size summary: 
==================================
Mean          :2.90
Max           :3.00
Min           :2.00
Median        :3.00
Model metrics summary: 
==================================
Precision:
Mean          :0.95
Max           :1.00
Min           :0.85
Median        :0.98
Recall:
Mean          :0.98
Max           :1.00
Min           :0.88
Median        :1.00
F1:
Mean          :0.96
Max           :1.00
Min           :0.87
Median        :0.99
Results for individual experiments: 
==================================
Seed 1         :
Learning Time  : 15.90           sec / 0.27       min
TA Size        : 3
Model statistics
Evaluation Statistics for 200 pos. and 200 neg. traces: 
True Positives: 200
True Negatives: 200
False Positives: 0
False Negatives: 0
Precision: 1.00
Recall: 1.00
F1: 1.00
Seed 2         :
Learning Time  : 7.46            sec / 0.12       min
TA Size        : 3
Model statistics
Evaluation Statistics for 200 pos. and 200 neg. traces: 
True Positives: 200
True Negatives: 194
False Positives: 6
False Negatives: 0
Precision: 0.97
Recall: 1.00
F1: 0.99
Seed 3         :
Learning Time  : 10.32           sec / 0.17       min
TA Size        : 3
Model statistics
Evaluation Statistics for 200 pos. and 200 neg. traces: 
True Positives: 200
True Negatives: 188
False Positives: 12
False Negatives: 0
Precision: 0.94
Recall: 1.00
F1: 0.97
Seed 4         :
Learning Time  : 8.93            sec / 0.15       min
TA Size        : 3
Model statistics
Evaluation Statistics for 200 pos. and 200 neg. traces: 
True Positives: 186
True Negatives: 167
False Positives: 33
False Negatives: 14
Precision: 0.85
Recall: 0.93
F1: 0.89
Seed 10        :
Learning Time  : 9.86            sec / 0.16       min
TA Size        : 3
Model statistics
Evaluation Statistics for 200 pos. and 200 neg. traces: 
True Positives: 200
True Negatives: 192
False Positives: 8
False Negatives: 0
Precision: 0.96
Recall: 1.00
F1: 0.98
Seed 5         :
Learning Time  : 11.16           sec / 0.19       min
TA Size        : 3
Model statistics
Evaluation Statistics for 200 pos. and 200 neg. traces: 
True Positives: 200
True Negatives: 200
False Positives: 0
False Negatives: 0
Precision: 1.00
Recall: 1.00
F1: 1.00
Seed 6         :
Learning Time  : 6.02            sec / 0.10       min
TA Size        : 3
Model statistics
Evaluation Statistics for 200 pos. and 200 neg. traces: 
True Positives: 200
True Negatives: 191
False Positives: 9
False Negatives: 0
Precision: 0.96
Recall: 1.00
F1: 0.98
Seed 7         :
Learning Time  : 7.35            sec / 0.12       min
TA Size        : 3
Model statistics
Evaluation Statistics for 200 pos. and 200 neg. traces: 
True Positives: 200
True Negatives: 185
False Positives: 15
False Negatives: 0
Precision: 0.93
Recall: 1.00
F1: 0.96
Seed 8         :
Learning Time  : 2.72            sec / 0.05       min
TA Size        : 2
Model statistics
Evaluation Statistics for 200 pos. and 200 neg. traces: 
True Positives: 200
True Negatives: 198
False Positives: 2
False Negatives: 0
Precision: 0.99
Recall: 1.00
F1: 1.00
Seed 9         :
Learning Time  : 6.37            sec / 0.11       min
TA Size        : 3
Model statistics
Evaluation Statistics for 200 pos. and 200 neg. traces: 
True Positives: 176
True Negatives: 170
False Positives: 30
False Negatives: 24
Precision: 0.85
Recall: 0.88
F1: 0.87
