Time logs for 3loc-real-bfs-bsize1
==================================
Configuration:
==================================
BFS: true 
Batch size: 1 
Location Bound: 4 
Edge Bound: 8 
# Training Traces: 30 
k-Urgency: 3 
Max. Guard Constant: 20 
Solver: YICES2 
Mode: Real 
Rounding: 1 
Learning time summary: 
==================================
Mean          :5.73            sec / 0.10       min
Max           :9.56            sec / 0.16       min
Min           :0.92            sec / 0.02       min
Median        :6.11            sec / 0.10       min
Automaton size summary: 
==================================
Mean          :2.90
Max           :3.00
Min           :2.00
Median        :3.00
Model metrics summary: 
==================================
Precision:
Mean          :0.94
Max           :0.99
Min           :0.85
Median        :0.98
Recall:
Mean          :0.98
Max           :1.00
Min           :0.91
Median        :0.99
F1:
Mean          :0.96
Max           :1.00
Min           :0.88
Median        :0.98
Results for individual experiments: 
==================================
Seed 1         :
Learning Time  : 6.66            sec / 0.11       min
TA Size        : 3
Model statistics
Evaluation Statistics for 200 pos. and 200 neg. traces: 
True Positives: 191
True Negatives: 198
False Positives: 2
False Negatives: 9
Precision: 0.99
Recall: 0.96
F1: 0.97
Seed 2         :
Learning Time  : 5.56            sec / 0.09       min
TA Size        : 3
Model statistics
Evaluation Statistics for 200 pos. and 200 neg. traces: 
True Positives: 200
True Negatives: 194
False Positives: 6
False Negatives: 0
Precision: 0.97
Recall: 1.00
F1: 0.99
Seed 3         :
Learning Time  : 3.01            sec / 0.05       min
TA Size        : 3
Model statistics
Evaluation Statistics for 200 pos. and 200 neg. traces: 
True Positives: 200
True Negatives: 189
False Positives: 11
False Negatives: 0
Precision: 0.95
Recall: 1.00
F1: 0.97
Seed 4         :
Learning Time  : 7.70            sec / 0.13       min
TA Size        : 3
Model statistics
Evaluation Statistics for 200 pos. and 200 neg. traces: 
True Positives: 186
True Negatives: 166
False Positives: 34
False Negatives: 14
Precision: 0.85
Recall: 0.93
F1: 0.89
Seed 10        :
Learning Time  : 8.17            sec / 0.14       min
TA Size        : 3
Model statistics
Evaluation Statistics for 200 pos. and 200 neg. traces: 
True Positives: 200
True Negatives: 192
False Positives: 8
False Negatives: 0
Precision: 0.96
Recall: 1.00
F1: 0.98
Seed 5         :
Learning Time  : 9.56            sec / 0.16       min
TA Size        : 3
Model statistics
Evaluation Statistics for 200 pos. and 200 neg. traces: 
True Positives: 197
True Negatives: 198
False Positives: 2
False Negatives: 3
Precision: 0.99
Recall: 0.99
F1: 0.99
Seed 6         :
Learning Time  : 4.23            sec / 0.07       min
TA Size        : 3
Model statistics
Evaluation Statistics for 200 pos. and 200 neg. traces: 
True Positives: 200
True Negatives: 192
False Positives: 8
False Negatives: 0
Precision: 0.96
Recall: 1.00
F1: 0.98
Seed 7         :
Learning Time  : 3.63            sec / 0.06       min
TA Size        : 3
Model statistics
Evaluation Statistics for 200 pos. and 200 neg. traces: 
True Positives: 200
True Negatives: 185
False Positives: 15
False Negatives: 0
Precision: 0.93
Recall: 1.00
F1: 0.96
Seed 8         :
Learning Time  : 0.92            sec / 0.02       min
TA Size        : 2
Model statistics
Evaluation Statistics for 200 pos. and 200 neg. traces: 
True Positives: 200
True Negatives: 198
False Positives: 2
False Negatives: 0
Precision: 0.99
Recall: 1.00
F1: 1.00
Seed 9         :
Learning Time  : 7.83            sec / 0.13       min
TA Size        : 3
Model statistics
Evaluation Statistics for 200 pos. and 200 neg. traces: 
True Positives: 182
True Negatives: 168
False Positives: 32
False Negatives: 18
Precision: 0.85
Recall: 0.91
F1: 0.88
