Time logs for 3loc-int-bfs-bsize1
==================================
Configuration:
==================================
BFS: true 
Batch size: 1 
Location Bound: 4 
Edge Bound: 8 
# Training Traces: 30 
k-Urgency: 3 
Max. Guard Constant: 20 
Solver: YICES2 
Mode: Integer 
Rounding: 100 
Learning time summary: 
==================================
Mean          :5.00            sec / 0.08       min
Max           :12.45           sec / 0.21       min
Min           :0.80            sec / 0.01       min
Median        :2.66            sec / 0.04       min
Automaton size summary: 
==================================
Mean          :2.90
Max           :3.00
Min           :2.00
Median        :3.00
Model metrics summary: 
==================================
Precision:
Mean          :0.97
Max           :1.00
Min           :0.92
Median        :0.98
Recall:
Mean          :0.89
Max           :1.00
Min           :0.78
Median        :0.82
F1:
Mean          :0.93
Max           :0.99
Min           :0.86
Median        :0.89
Results for individual experiments: 
==================================
Seed 1         :
Learning Time  : 12.45           sec / 0.21       min
TA Size        : 3
Model statistics
Evaluation Statistics for 200 pos. and 200 neg. traces: 
True Positives: 191
True Negatives: 199
False Positives: 1
False Negatives: 9
Precision: 0.99
Recall: 0.96
F1: 0.97
Seed 2         :
Learning Time  : 12.03           sec / 0.20       min
TA Size        : 3
Model statistics
Evaluation Statistics for 200 pos. and 200 neg. traces: 
True Positives: 176
True Negatives: 199
False Positives: 1
False Negatives: 24
Precision: 0.99
Recall: 0.88
F1: 0.93
Seed 3         :
Learning Time  : 2.29            sec / 0.04       min
TA Size        : 3
Model statistics
Evaluation Statistics for 200 pos. and 200 neg. traces: 
True Positives: 189
True Negatives: 190
False Positives: 10
False Negatives: 11
Precision: 0.95
Recall: 0.95
F1: 0.95
Seed 4         :
Learning Time  : 3.02            sec / 0.05       min
TA Size        : 3
Model statistics
Evaluation Statistics for 200 pos. and 200 neg. traces: 
True Positives: 180
True Negatives: 185
False Positives: 15
False Negatives: 20
Precision: 0.92
Recall: 0.90
F1: 0.91
Seed 10        :
Learning Time  : 1.77            sec / 0.03       min
TA Size        : 3
Model statistics
Evaluation Statistics for 200 pos. and 200 neg. traces: 
True Positives: 155
True Negatives: 195
False Positives: 5
False Negatives: 45
Precision: 0.97
Recall: 0.78
F1: 0.86
Seed 5         :
Learning Time  : 9.57            sec / 0.16       min
TA Size        : 3
Model statistics
Evaluation Statistics for 200 pos. and 200 neg. traces: 
True Positives: 174
True Negatives: 198
False Positives: 2
False Negatives: 26
Precision: 0.99
Recall: 0.87
F1: 0.93
Seed 6         :
Learning Time  : 1.60            sec / 0.03       min
TA Size        : 3
Model statistics
Evaluation Statistics for 200 pos. and 200 neg. traces: 
True Positives: 160
True Negatives: 200
False Positives: 0
False Negatives: 40
Precision: 1.00
Recall: 0.80
F1: 0.89
Seed 7         :
Learning Time  : 1.87            sec / 0.03       min
TA Size        : 3
Model statistics
Evaluation Statistics for 200 pos. and 200 neg. traces: 
True Positives: 185
True Negatives: 185
False Positives: 15
False Negatives: 15
Precision: 0.93
Recall: 0.93
F1: 0.93
Seed 8         :
Learning Time  : 0.80            sec / 0.01       min
TA Size        : 2
Model statistics
Evaluation Statistics for 200 pos. and 200 neg. traces: 
True Positives: 199
True Negatives: 198
False Positives: 2
False Negatives: 1
Precision: 0.99
Recall: 1.00
F1: 0.99
Seed 9         :
Learning Time  : 4.64            sec / 0.08       min
TA Size        : 3
Model statistics
Evaluation Statistics for 200 pos. and 200 neg. traces: 
True Positives: 169
True Negatives: 200
False Positives: 0
False Negatives: 31
Precision: 1.00
Recall: 0.85
F1: 0.92
