Time logs for 4loc-bfs-inc-bsize1
==================================
Configuration:
==================================
BFS: true 
Batch size: 1 
Location Bound: 5 
Edge Bound: 10 
# Training Traces: 40 
k-Urgency: 3 
Max. Guard Constant: 20 
Solver: YICES2 
Mode: Real 
Rounding: 1 
Learning time summary: 
==================================
Mean          :176.39          sec / 2.94       min
Max           :1138.79         sec / 18.98      min
Min           :1.89            sec / 0.03       min
Median        :34.17           sec / 0.57       min
Automaton size summary: 
==================================
Mean          :3.70
Max           :5.00
Min           :2.00
Median        :4.00
Model metrics summary: 
==================================
Precision:
Mean          :0.97
Max           :1.00
Min           :0.94
Median        :0.97
Recall:
Mean          :0.97
Max           :1.00
Min           :0.90
Median        :0.97
F1:
Mean          :0.97
Max           :1.00
Min           :0.92
Median        :0.97
Results for individual experiments: 
==================================
Seed 1         :
Learning Time  : 123.65          sec / 2.06       min
TA Size        : 4
Model statistics
Evaluation Statistics for 200 pos. and 200 neg. traces: 
True Positives: 200
True Negatives: 200
False Positives: 0
False Negatives: 0
Precision: 1.00
Recall: 1.00
F1: 1.00
Seed 2         :
Learning Time  : 8.00            sec / 0.13       min
TA Size        : 3
Model statistics
Evaluation Statistics for 200 pos. and 200 neg. traces: 
True Positives: 191
True Negatives: 199
False Positives: 1
False Negatives: 9
Precision: 0.99
Recall: 0.96
F1: 0.97
Seed 3         :
Learning Time  : 4.45            sec / 0.07       min
TA Size        : 3
Model statistics
Evaluation Statistics for 200 pos. and 200 neg. traces: 
True Positives: 200
True Negatives: 197
False Positives: 3
False Negatives: 0
Precision: 0.99
Recall: 1.00
F1: 0.99
Seed 4         :
Learning Time  : 1.89            sec / 0.03       min
TA Size        : 2
Model statistics
Evaluation Statistics for 200 pos. and 200 neg. traces: 
True Positives: 200
True Negatives: 187
False Positives: 13
False Negatives: 0
Precision: 0.94
Recall: 1.00
F1: 0.97
Seed 10        :
Learning Time  : 24.21           sec / 0.40       min
TA Size        : 4
Model statistics
Evaluation Statistics for 200 pos. and 200 neg. traces: 
True Positives: 189
True Negatives: 191
False Positives: 9
False Negatives: 11
Precision: 0.95
Recall: 0.95
F1: 0.95
Seed 5         :
Learning Time  : 44.12           sec / 0.74       min
TA Size        : 4
Model statistics
Evaluation Statistics for 200 pos. and 200 neg. traces: 
True Positives: 200
True Negatives: 195
False Positives: 5
False Negatives: 0
Precision: 0.98
Recall: 1.00
F1: 0.99
Seed 6         :
Learning Time  : 32.43           sec / 0.54       min
TA Size        : 4
Model statistics
Evaluation Statistics for 200 pos. and 200 neg. traces: 
True Positives: 200
True Negatives: 197
False Positives: 3
False Negatives: 0
Precision: 0.99
Recall: 1.00
F1: 0.99
Seed 7         :
Learning Time  : 350.48          sec / 5.84       min
TA Size        : 4
Model statistics
Evaluation Statistics for 200 pos. and 200 neg. traces: 
True Positives: 180
True Negatives: 193
False Positives: 7
False Negatives: 20
Precision: 0.96
Recall: 0.90
F1: 0.93
Seed 8         :
Learning Time  : 1138.79         sec / 18.98      min
TA Size        : 5
Model statistics
Evaluation Statistics for 200 pos. and 200 neg. traces: 
True Positives: 200
True Negatives: 198
False Positives: 2
False Negatives: 0
Precision: 0.99
Recall: 1.00
F1: 1.00
Seed 9         :
Learning Time  : 35.92           sec / 0.60       min
TA Size        : 4
Model statistics
Evaluation Statistics for 200 pos. and 200 neg. traces: 
True Positives: 181
True Negatives: 188
False Positives: 12
False Negatives: 19
Precision: 0.94
Recall: 0.91
F1: 0.92
