Time logs for 4loc-real-bfs-bsize1-mix_discrete_time
==================================
Configuration:
==================================
BFS: true 
Batch size: 1 
Location Bound: 5 
Edge Bound: 10 
# Training Traces: 40 
k-Urgency: 3 
Max. Guard Constant: 20 
Solver: YICES2 
Mode: Real 
Rounding: 1 
Learning time summary: 
==================================
Mean          :553.10          sec / 9.22       min
Max           :4633.83         sec / 77.23      min
Min           :3.63            sec / 0.06       min
Median        :116.07          sec / 1.93       min
Automaton size summary: 
==================================
Mean          :3.70
Max           :5.00
Min           :2.00
Median        :4.00
Model metrics summary: 
==================================
Precision:
Mean          :0.98
Max           :1.00
Min           :0.92
Median        :0.97
Recall:
Mean          :0.96
Max           :1.00
Min           :0.86
Median        :0.97
F1:
Mean          :0.97
Max           :1.00
Min           :0.91
Median        :0.97
Results for individual experiments: 
==================================
Seed 1         :
Learning Time  : 103.76          sec / 1.73       min
TA Size        : 4
Model statistics
Evaluation Statistics for 200 pos. and 200 neg. traces: 
True Positives: 200
True Negatives: 200
False Positives: 0
False Negatives: 0
Precision: 1.00
Recall: 1.00
F1: 1.00
Seed 2         :
Learning Time  : 21.03           sec / 0.35       min
TA Size        : 3
Model statistics
Evaluation Statistics for 200 pos. and 200 neg. traces: 
True Positives: 198
True Negatives: 199
False Positives: 1
False Negatives: 2
Precision: 0.99
Recall: 0.99
F1: 0.99
Seed 3         :
Learning Time  : 32.41           sec / 0.54       min
TA Size        : 3
Model statistics
Evaluation Statistics for 200 pos. and 200 neg. traces: 
True Positives: 200
True Negatives: 197
False Positives: 3
False Negatives: 0
Precision: 0.99
Recall: 1.00
F1: 0.99
Seed 4         :
Learning Time  : 3.63            sec / 0.06       min
TA Size        : 2
Model statistics
Evaluation Statistics for 200 pos. and 200 neg. traces: 
True Positives: 200
True Negatives: 189
False Positives: 11
False Negatives: 0
Precision: 0.95
Recall: 1.00
F1: 0.97
Seed 10        :
Learning Time  : 76.99           sec / 1.28       min
TA Size        : 4
Model statistics
Evaluation Statistics for 200 pos. and 200 neg. traces: 
True Positives: 189
True Negatives: 189
False Positives: 11
False Negatives: 11
Precision: 0.95
Recall: 0.95
F1: 0.95
Seed 5         :
Learning Time  : 128.37          sec / 2.14       min
TA Size        : 4
Model statistics
Evaluation Statistics for 200 pos. and 200 neg. traces: 
True Positives: 198
True Negatives: 200
False Positives: 0
False Negatives: 2
Precision: 1.00
Recall: 0.99
F1: 0.99
Seed 6         :
Learning Time  : 129.57          sec / 2.16       min
TA Size        : 4
Model statistics
Evaluation Statistics for 200 pos. and 200 neg. traces: 
True Positives: 200
True Negatives: 200
False Positives: 0
False Negatives: 0
Precision: 1.00
Recall: 1.00
F1: 1.00
Seed 7         :
Learning Time  : 223.91          sec / 3.73       min
TA Size        : 4
Model statistics
Evaluation Statistics for 200 pos. and 200 neg. traces: 
True Positives: 191
True Negatives: 200
False Positives: 0
False Negatives: 9
Precision: 1.00
Recall: 0.96
F1: 0.98
Seed 8         :
Learning Time  : 4633.83         sec / 77.23      min
TA Size        : 5
Model statistics
Evaluation Statistics for 200 pos. and 200 neg. traces: 
True Positives: 172
True Negatives: 199
False Positives: 1
False Negatives: 28
Precision: 0.99
Recall: 0.86
F1: 0.92
Seed 9         :
Learning Time  : 177.53          sec / 2.96       min
TA Size        : 4
Model statistics
Evaluation Statistics for 200 pos. and 200 neg. traces: 
True Positives: 181
True Negatives: 184
False Positives: 16
False Negatives: 19
Precision: 0.92
Recall: 0.91
F1: 0.91
