Time logs for 4loc-real-dfs-bsize1
==================================
Configuration:
==================================
BFS: false 
Batch size: 1 
Location Bound: 5 
Edge Bound: 10 
# Training Traces: 40 
k-Urgency: 3 
Max. Guard Constant: 20 
Solver: YICES2 
Mode: Real 
Rounding: 1 
Learning time summary: 
==================================
Mean          :1069.11         sec / 17.82      min
Max           :10225.97        sec / 170.43     min
Min           :1.21            sec / 0.02       min
Median        :49.53           sec / 0.83       min
Automaton size summary: 
==================================
Mean          :3.70
Max           :5.00
Min           :2.00
Median        :4.00
Model metrics summary: 
==================================
Precision:
Mean          :0.98
Max           :1.00
Min           :0.92
Median        :0.98
Recall:
Mean          :0.98
Max           :1.00
Min           :0.91
Median        :1.00
F1:
Mean          :0.98
Max           :1.00
Min           :0.91
Median        :0.99
Results for individual experiments: 
==================================
Seed 1         :
Learning Time  : 27.15           sec / 0.45       min
TA Size        : 4
Model statistics
Evaluation Statistics for 200 pos. and 200 neg. traces: 
True Positives: 200
True Negatives: 200
False Positives: 0
False Negatives: 0
Precision: 1.00
Recall: 1.00
F1: 1.00
Seed 2         :
Learning Time  : 8.66            sec / 0.14       min
TA Size        : 3
Model statistics
Evaluation Statistics for 200 pos. and 200 neg. traces: 
True Positives: 198
True Negatives: 199
False Positives: 1
False Negatives: 2
Precision: 0.99
Recall: 0.99
F1: 0.99
Seed 3         :
Learning Time  : 12.39           sec / 0.21       min
TA Size        : 3
Model statistics
Evaluation Statistics for 200 pos. and 200 neg. traces: 
True Positives: 200
True Negatives: 197
False Positives: 3
False Negatives: 0
Precision: 0.99
Recall: 1.00
F1: 0.99
Seed 4         :
Learning Time  : 1.21            sec / 0.02       min
TA Size        : 2
Model statistics
Evaluation Statistics for 200 pos. and 200 neg. traces: 
True Positives: 200
True Negatives: 198
False Positives: 2
False Negatives: 0
Precision: 0.99
Recall: 1.00
F1: 1.00
Seed 10        :
Learning Time  : 128.59          sec / 2.14       min
TA Size        : 4
Model statistics
Evaluation Statistics for 200 pos. and 200 neg. traces: 
True Positives: 198
True Negatives: 191
False Positives: 9
False Negatives: 2
Precision: 0.96
Recall: 0.99
F1: 0.97
Seed 5         :
Learning Time  : 68.34           sec / 1.14       min
TA Size        : 4
Model statistics
Evaluation Statistics for 200 pos. and 200 neg. traces: 
True Positives: 200
True Negatives: 200
False Positives: 0
False Negatives: 0
Precision: 1.00
Recall: 1.00
F1: 1.00
Seed 6         :
Learning Time  : 38.65           sec / 0.64       min
TA Size        : 4
Model statistics
Evaluation Statistics for 200 pos. and 200 neg. traces: 
True Positives: 200
True Negatives: 197
False Positives: 3
False Negatives: 0
Precision: 0.99
Recall: 1.00
F1: 0.99
Seed 7         :
Learning Time  : 60.40           sec / 1.01       min
TA Size        : 4
Model statistics
Evaluation Statistics for 200 pos. and 200 neg. traces: 
True Positives: 187
True Negatives: 190
False Positives: 10
False Negatives: 13
Precision: 0.95
Recall: 0.94
F1: 0.94
Seed 8         :
Learning Time  : 10225.97        sec / 170.43     min
TA Size        : 5
Model statistics
Evaluation Statistics for 200 pos. and 200 neg. traces: 
True Positives: 200
True Negatives: 198
False Positives: 2
False Negatives: 0
Precision: 0.99
Recall: 1.00
F1: 1.00
Seed 9         :
Learning Time  : 119.71          sec / 2.00       min
TA Size        : 4
Model statistics
Evaluation Statistics for 200 pos. and 200 neg. traces: 
True Positives: 181
True Negatives: 185
False Positives: 15
False Negatives: 19
Precision: 0.92
Recall: 0.91
F1: 0.91
