Time logs for 4loc-bfs-noninc
==================================
Configuration:
==================================
BFS: true 
Batch size: -1 
Location Bound: 5 
Edge Bound: 10 
# Training Traces: 40 
k-Urgency: 3 
Max. Guard Constant: 20 
Solver: YICES2 
Mode: Real 
Rounding: 1 
Learning time summary: 
==================================
Mean          :499.07          sec / 8.32       min
Max           :3462.40         sec / 57.71      min
Min           :12.90           sec / 0.21       min
Median        :199.09          sec / 3.32       min
Automaton size summary: 
==================================
Mean          :3.70
Max           :5.00
Min           :2.00
Median        :4.00
Model metrics summary: 
==================================
Precision:
Mean          :0.97
Max           :1.00
Min           :0.90
Median        :0.99
Recall:
Mean          :0.98
Max           :1.00
Min           :0.91
Median        :0.97
F1:
Mean          :0.98
Max           :1.00
Min           :0.90
Median        :0.98
Results for individual experiments: 
==================================
Seed 1         :
Learning Time  : 205.94          sec / 3.43       min
TA Size        : 4
Model statistics
Evaluation Statistics for 200 pos. and 200 neg. traces: 
True Positives: 200
True Negatives: 200
False Positives: 0
False Negatives: 0
Precision: 1.00
Recall: 1.00
F1: 1.00
Seed 2         :
Learning Time  : 58.60           sec / 0.98       min
TA Size        : 3
Model statistics
Evaluation Statistics for 200 pos. and 200 neg. traces: 
True Positives: 200
True Negatives: 198
False Positives: 2
False Negatives: 0
Precision: 0.99
Recall: 1.00
F1: 1.00
Seed 3         :
Learning Time  : 61.83           sec / 1.03       min
TA Size        : 3
Model statistics
Evaluation Statistics for 200 pos. and 200 neg. traces: 
True Positives: 200
True Negatives: 197
False Positives: 3
False Negatives: 0
Precision: 0.99
Recall: 1.00
F1: 0.99
Seed 4         :
Learning Time  : 12.90           sec / 0.21       min
TA Size        : 2
Model statistics
Evaluation Statistics for 200 pos. and 200 neg. traces: 
True Positives: 200
True Negatives: 186
False Positives: 14
False Negatives: 0
Precision: 0.93
Recall: 1.00
F1: 0.97
Seed 10        :
Learning Time  : 264.20          sec / 4.40       min
TA Size        : 4
Model statistics
Evaluation Statistics for 200 pos. and 200 neg. traces: 
True Positives: 189
True Negatives: 196
False Positives: 4
False Negatives: 11
Precision: 0.98
Recall: 0.95
F1: 0.96
Seed 5         :
Learning Time  : 148.19          sec / 2.47       min
TA Size        : 4
Model statistics
Evaluation Statistics for 200 pos. and 200 neg. traces: 
True Positives: 200
True Negatives: 200
False Positives: 0
False Negatives: 0
Precision: 1.00
Recall: 1.00
F1: 1.00
Seed 6         :
Learning Time  : 192.25          sec / 3.20       min
TA Size        : 4
Model statistics
Evaluation Statistics for 200 pos. and 200 neg. traces: 
True Positives: 200
True Negatives: 195
False Positives: 5
False Negatives: 0
Precision: 0.98
Recall: 1.00
F1: 0.99
Seed 7         :
Learning Time  : 341.64          sec / 5.69       min
TA Size        : 4
Model statistics
Evaluation Statistics for 200 pos. and 200 neg. traces: 
True Positives: 187
True Negatives: 197
False Positives: 3
False Negatives: 13
Precision: 0.98
Recall: 0.94
F1: 0.96
Seed 8         :
Learning Time  : 3462.40         sec / 57.71      min
TA Size        : 5
Model statistics
Evaluation Statistics for 200 pos. and 200 neg. traces: 
True Positives: 200
True Negatives: 199
False Positives: 1
False Negatives: 0
Precision: 1.00
Recall: 1.00
F1: 1.00
Seed 9         :
Learning Time  : 242.80          sec / 4.05       min
TA Size        : 4
Model statistics
Evaluation Statistics for 200 pos. and 200 neg. traces: 
True Positives: 181
True Negatives: 179
False Positives: 21
False Negatives: 19
Precision: 0.90
Recall: 0.91
F1: 0.90
