Time logs for 4loc-int-bfs-bsize1
==================================
Configuration:
==================================
BFS: true 
Batch size: 1 
Location Bound: 5 
Edge Bound: 10 
# Training Traces: 40 
k-Urgency: 3 
Max. Guard Constant: 20 
Solver: YICES2 
Mode: Integer 
Rounding: 100 
Learning time summary: 
==================================
Mean          :30.40           sec / 0.51       min
Max           :79.13           sec / 1.32       min
Min           :1.18            sec / 0.02       min
Median        :19.78           sec / 0.33       min
Automaton size summary: 
==================================
Mean          :3.60
Max           :4.00
Min           :2.00
Median        :4.00
Model metrics summary: 
==================================
Precision:
Mean          :0.98
Max           :1.00
Min           :0.93
Median        :0.98
Recall:
Mean          :0.86
Max           :0.94
Min           :0.75
Median        :0.90
F1:
Mean          :0.92
Max           :0.96
Min           :0.85
Median        :0.94
Results for individual experiments: 
==================================
Seed 1         :
Learning Time  : 79.13           sec / 1.32       min
TA Size        : 4
Model statistics
Evaluation Statistics for 200 pos. and 200 neg. traces: 
True Positives: 180
True Negatives: 200
False Positives: 0
False Negatives: 20
Precision: 1.00
Recall: 0.90
F1: 0.95
Seed 2         :
Learning Time  : 3.85            sec / 0.06       min
TA Size        : 3
Model statistics
Evaluation Statistics for 200 pos. and 200 neg. traces: 
True Positives: 187
True Negatives: 198
False Positives: 2
False Negatives: 13
Precision: 0.99
Recall: 0.94
F1: 0.96
Seed 3         :
Learning Time  : 2.88            sec / 0.05       min
TA Size        : 3
Model statistics
Evaluation Statistics for 200 pos. and 200 neg. traces: 
True Positives: 187
True Negatives: 197
False Positives: 3
False Negatives: 13
Precision: 0.98
Recall: 0.94
F1: 0.96
Seed 4         :
Learning Time  : 1.18            sec / 0.02       min
TA Size        : 2
Model statistics
Evaluation Statistics for 200 pos. and 200 neg. traces: 
True Positives: 185
True Negatives: 187
False Positives: 13
False Negatives: 15
Precision: 0.93
Recall: 0.93
F1: 0.93
Seed 10        :
Learning Time  : 19.02           sec / 0.32       min
TA Size        : 4
Model statistics
Evaluation Statistics for 200 pos. and 200 neg. traces: 
True Positives: 181
True Negatives: 191
False Positives: 9
False Negatives: 19
Precision: 0.95
Recall: 0.91
F1: 0.93
Seed 5         :
Learning Time  : 20.53           sec / 0.34       min
TA Size        : 4
Model statistics
Evaluation Statistics for 200 pos. and 200 neg. traces: 
True Positives: 178
True Negatives: 200
False Positives: 0
False Negatives: 22
Precision: 1.00
Recall: 0.89
F1: 0.94
Seed 6         :
Learning Time  : 13.63           sec / 0.23       min
TA Size        : 4
Model statistics
Evaluation Statistics for 200 pos. and 200 neg. traces: 
True Positives: 150
True Negatives: 198
False Positives: 2
False Negatives: 50
Precision: 0.99
Recall: 0.75
F1: 0.85
Seed 7         :
Learning Time  : 62.27           sec / 1.04       min
TA Size        : 4
Model statistics
Evaluation Statistics for 200 pos. and 200 neg. traces: 
True Positives: 149
True Negatives: 197
False Positives: 3
False Negatives: 51
Precision: 0.98
Recall: 0.75
F1: 0.85
Seed 8         :
Learning Time  : 78.91           sec / 1.32       min
TA Size        : 4
Model statistics
Evaluation Statistics for 200 pos. and 200 neg. traces: 
True Positives: 168
True Negatives: 199
False Positives: 1
False Negatives: 32
Precision: 0.99
Recall: 0.84
F1: 0.91
Seed 9         :
Learning Time  : 22.60           sec / 0.38       min
TA Size        : 4
Model statistics
Evaluation Statistics for 200 pos. and 200 neg. traces: 
True Positives: 164
True Negatives: 190
False Positives: 10
False Negatives: 36
Precision: 0.94
Recall: 0.82
F1: 0.88
