Time logs for 5loc-bfs-inc-bsize1
==================================
Configuration:
==================================
BFS: true 
Batch size: 1 
Location Bound: 6 
Edge Bound: 12 
# Training Traces: 50 
k-Urgency: 3 
Max. Guard Constant: 20 
Solver: YICES2 
Mode: Real 
Rounding: 1 
Learning time summary: 
==================================
Mean          :94.08           sec / 1.57       min
Max           :391.44          sec / 6.52       min
Min           :2.21            sec / 0.04       min
Median        :35.87           sec / 0.60       min
Automaton size summary: 
==================================
Mean          :3.50
Max           :5.00
Min           :2.00
Median        :3.50
Model metrics summary: 
==================================
Precision:
Mean          :0.96
Max           :1.00
Min           :0.87
Median        :0.97
Recall:
Mean          :0.99
Max           :1.00
Min           :0.95
Median        :0.98
F1:
Mean          :0.97
Max           :1.00
Min           :0.90
Median        :0.98
Results for individual experiments: 
==================================
Seed 1         :
Learning Time  : 391.44          sec / 6.52       min
TA Size        : 5
Model statistics
Evaluation Statistics for 200 pos. and 200 neg. traces: 
True Positives: 198
True Negatives: 194
False Positives: 6
False Negatives: 2
Precision: 0.97
Recall: 0.99
F1: 0.98
Seed 2         :
Learning Time  : 59.03           sec / 0.98       min
TA Size        : 4
Model statistics
Evaluation Statistics for 200 pos. and 200 neg. traces: 
True Positives: 200
True Negatives: 200
False Positives: 0
False Negatives: 0
Precision: 1.00
Recall: 1.00
F1: 1.00
Seed 3         :
Learning Time  : 8.70            sec / 0.15       min
TA Size        : 3
Model statistics
Evaluation Statistics for 200 pos. and 200 neg. traces: 
True Positives: 200
True Negatives: 194
False Positives: 6
False Negatives: 0
Precision: 0.97
Recall: 1.00
F1: 0.99
Seed 4         :
Learning Time  : 52.25           sec / 0.87       min
TA Size        : 3
Model statistics
Evaluation Statistics for 200 pos. and 200 neg. traces: 
True Positives: 194
True Negatives: 199
False Positives: 1
False Negatives: 6
Precision: 0.99
Recall: 0.97
F1: 0.98
Seed 10        :
Learning Time  : 8.83            sec / 0.15       min
TA Size        : 3
Model statistics
Evaluation Statistics for 200 pos. and 200 neg. traces: 
True Positives: 200
True Negatives: 189
False Positives: 11
False Negatives: 0
Precision: 0.95
Recall: 1.00
F1: 0.97
Seed 5         :
Learning Time  : 208.15          sec / 3.47       min
TA Size        : 4
Model statistics
Evaluation Statistics for 200 pos. and 200 neg. traces: 
True Positives: 193
True Negatives: 200
False Positives: 0
False Negatives: 7
Precision: 1.00
Recall: 0.97
F1: 0.98
Seed 6         :
Learning Time  : 2.21            sec / 0.04       min
TA Size        : 2
Model statistics
Evaluation Statistics for 200 pos. and 200 neg. traces: 
True Positives: 200
True Negatives: 185
False Positives: 15
False Negatives: 0
Precision: 0.93
Recall: 1.00
F1: 0.96
Seed 7         :
Learning Time  : 8.53            sec / 0.14       min
TA Size        : 3
Model statistics
Evaluation Statistics for 200 pos. and 200 neg. traces: 
True Positives: 189
True Negatives: 171
False Positives: 29
False Negatives: 11
Precision: 0.87
Recall: 0.95
F1: 0.90
Seed 8         :
Learning Time  : 182.15          sec / 3.04       min
TA Size        : 5
Model statistics
Evaluation Statistics for 200 pos. and 200 neg. traces: 
True Positives: 200
True Negatives: 196
False Positives: 4
False Negatives: 0
Precision: 0.98
Recall: 1.00
F1: 0.99
Seed 9         :
Learning Time  : 19.50           sec / 0.32       min
TA Size        : 3
Model statistics
Evaluation Statistics for 200 pos. and 200 neg. traces: 
True Positives: 197
True Negatives: 186
False Positives: 14
False Negatives: 3
Precision: 0.93
Recall: 0.99
F1: 0.96
