Time logs for 5loc-int-bfs-bsize1
==================================
Configuration:
==================================
BFS: true 
Batch size: 1 
Location Bound: 6 
Edge Bound: 12 
# Training Traces: 50 
k-Urgency: 3 
Max. Guard Constant: 20 
Solver: YICES2 
Mode: Integer 
Rounding: 100 
Learning time summary: 
==================================
Mean          :164.87          sec / 2.75       min
Max           :617.38          sec / 10.29      min
Min           :1.69            sec / 0.03       min
Median        :48.40           sec / 0.81       min
Automaton size summary: 
==================================
Mean          :3.50
Max           :5.00
Min           :2.00
Median        :3.50
Model metrics summary: 
==================================
Precision:
Mean          :0.96
Max           :0.99
Min           :0.87
Median        :0.98
Recall:
Mean          :0.86
Max           :0.93
Min           :0.73
Median        :0.87
F1:
Mean          :0.91
Max           :0.94
Min           :0.84
Median        :0.92
Results for individual experiments: 
==================================
Seed 1         :
Learning Time  : 617.38          sec / 10.29      min
TA Size        : 5
Model statistics
Evaluation Statistics for 200 pos. and 200 neg. traces: 
True Positives: 180
True Negatives: 196
False Positives: 4
False Negatives: 20
Precision: 0.98
Recall: 0.90
F1: 0.94
Seed 2         :
Learning Time  : 179.20          sec / 2.99       min
TA Size        : 4
Model statistics
Evaluation Statistics for 200 pos. and 200 neg. traces: 
True Positives: 145
True Negatives: 198
False Positives: 2
False Negatives: 55
Precision: 0.99
Recall: 0.73
F1: 0.84
Seed 3         :
Learning Time  : 10.69           sec / 0.18       min
TA Size        : 3
Model statistics
Evaluation Statistics for 200 pos. and 200 neg. traces: 
True Positives: 175
True Negatives: 199
False Positives: 1
False Negatives: 25
Precision: 0.99
Recall: 0.88
F1: 0.93
Seed 4         :
Learning Time  : 78.92           sec / 1.32       min
TA Size        : 3
Model statistics
Evaluation Statistics for 200 pos. and 200 neg. traces: 
True Positives: 178
True Negatives: 199
False Positives: 1
False Negatives: 22
Precision: 0.99
Recall: 0.89
F1: 0.94
Seed 10        :
Learning Time  : 17.88           sec / 0.30       min
TA Size        : 3
Model statistics
Evaluation Statistics for 200 pos. and 200 neg. traces: 
True Positives: 184
True Negatives: 192
False Positives: 8
False Negatives: 16
Precision: 0.96
Recall: 0.92
F1: 0.94
Seed 5         :
Learning Time  : 106.98          sec / 1.78       min
TA Size        : 4
Model statistics
Evaluation Statistics for 200 pos. and 200 neg. traces: 
True Positives: 162
True Negatives: 199
False Positives: 1
False Negatives: 38
Precision: 0.99
Recall: 0.81
F1: 0.89
Seed 6         :
Learning Time  : 1.69            sec / 0.03       min
TA Size        : 2
Model statistics
Evaluation Statistics for 200 pos. and 200 neg. traces: 
True Positives: 173
True Negatives: 191
False Positives: 9
False Negatives: 27
Precision: 0.95
Recall: 0.87
F1: 0.91
Seed 7         :
Learning Time  : 9.89            sec / 0.16       min
TA Size        : 3
Model statistics
Evaluation Statistics for 200 pos. and 200 neg. traces: 
True Positives: 181
True Negatives: 173
False Positives: 27
False Negatives: 19
Precision: 0.87
Recall: 0.91
F1: 0.89
Seed 8         :
Learning Time  : 616.35          sec / 10.27      min
TA Size        : 5
Model statistics
Evaluation Statistics for 200 pos. and 200 neg. traces: 
True Positives: 165
True Negatives: 195
False Positives: 5
False Negatives: 35
Precision: 0.97
Recall: 0.83
F1: 0.89
Seed 9         :
Learning Time  : 9.67            sec / 0.16       min
TA Size        : 3
Model statistics
Evaluation Statistics for 200 pos. and 200 neg. traces: 
True Positives: 186
True Negatives: 186
False Positives: 14
False Negatives: 14
Precision: 0.93
Recall: 0.93
F1: 0.93
