Time logs for cas-diamond-40-train
==================================
Configuration:
==================================
BFS: true 
Batch size: 1 
Location Bound: 10 
Edge Bound: 20 
# Training Traces: 40 
k-Urgency: 3 
Max. Guard Constant: 10 
Solver: YICES2 
Mode: Real 
Rounding: 1 
Learning time summary: 
==================================
Mean          :13419.73        sec / 223.66     min
Max           :13419.73        sec / 223.66     min
Min           :13419.73        sec / 223.66     min
Median        :13419.73        sec / 223.66     min
Automaton size summary: 
==================================
Mean          :8.00
Max           :8.00
Min           :8.00
Median        :8.00
Model metrics summary: 
==================================
Precision:
Mean          :0.82
Max           :0.82
Min           :0.82
Median        :0.82
Recall:
Mean          :0.42
Max           :0.42
Min           :0.42
Median        :0.42
F1:
Mean          :0.55
Max           :0.55
Min           :0.55
Median        :0.55
Results for individual experiments: 
==================================
cas-diamond    :
Learning Time  : 13419.73        sec / 223.66     min
TA Size        : 8
Model statistics
Evaluation Statistics for 200 pos. and 200 neg. traces: 
True Positives: 84
True Negatives: 181
False Positives: 19
False Negatives: 116
Precision: 0.82
Recall: 0.42
F1: 0.55
