Time logs for cas-diamond-70train
==================================
Configuration:
==================================
BFS: true 
Batch size: 1 
Location Bound: 10 
Edge Bound: 20 
# Training Traces: 70 
k-Urgency: 3 
Max. Guard Constant: 10 
Solver: YICES2 
Mode: Real 
Rounding: 1 
Learning time summary: 
==================================
Mean          :71244.96        sec / 1187.42    min
Max           :71244.96        sec / 1187.42    min
Min           :71244.96        sec / 1187.42    min
Median        :71244.96        sec / 1187.42    min
Automaton size summary: 
==================================
Mean          :8.00
Max           :8.00
Min           :8.00
Median        :8.00
Model metrics summary: 
==================================
Precision:
Mean          :0.83
Max           :0.83
Min           :0.83
Median        :0.83
Recall:
Mean          :0.44
Max           :0.44
Min           :0.44
Median        :0.44
F1:
Mean          :0.57
Max           :0.57
Min           :0.57
Median        :0.57
Results for individual experiments: 
==================================
cas-diamond    :
Learning Time  : 71244.96        sec / 1187.42    min
TA Size        : 8
Model statistics
Evaluation Statistics for 200 pos. and 200 neg. traces: 
True Positives: 87
True Negatives: 182
False Positives: 18
False Negatives: 113
Precision: 0.83
Recall: 0.44
F1: 0.57
