Time logs for 3loc-int-bfs-bsize1
==================================
Configuration:
==================================
BFS: true 
Batch size: 1 
Location Bound: 4 
Edge Bound: 8 
# Training Traces: 30 
k-Urgency: 3 
Max. Guard Constant: 20 
Solver: MATHSAT5 
Mode: Integer 
Rounding: 100 
Learning time summary: 
==================================
Mean          :47.10           sec / 0.79       min
Max           :146.59          sec / 2.44       min
Min           :3.56            sec / 0.06       min
Median        :35.77           sec / 0.60       min
Automaton size summary: 
==================================
Mean          :2.90
Max           :3.00
Min           :2.00
Median        :3.00
Model metrics summary: 
==================================
Precision:
Mean          :0.95
Max           :1.00
Min           :0.84
Median        :0.97
Recall:
Mean          :0.83
Max           :0.95
Min           :0.72
Median        :0.77
F1:
Mean          :0.89
Max           :0.97
Min           :0.82
Median        :0.86
Results for individual experiments: 
==================================
Seed 1         :
Learning Time  : 37.15           sec / 0.62       min
TA Size        : 3
Model statistics
Evaluation Statistics for 200 pos. and 200 neg. traces: 
True Positives: 189
True Negatives: 199
False Positives: 1
False Negatives: 11
Precision: 0.99
Recall: 0.95
F1: 0.97
Seed 2         :
Learning Time  : 34.40           sec / 0.57       min
TA Size        : 3
Model statistics
Evaluation Statistics for 200 pos. and 200 neg. traces: 
True Positives: 157
True Negatives: 196
False Positives: 4
False Negatives: 43
Precision: 0.98
Recall: 0.79
F1: 0.87
Seed 3         :
Learning Time  : 146.59          sec / 2.44       min
TA Size        : 3
Model statistics
Evaluation Statistics for 200 pos. and 200 neg. traces: 
True Positives: 181
True Negatives: 187
False Positives: 13
False Negatives: 19
Precision: 0.93
Recall: 0.91
F1: 0.92
Seed 4         :
Learning Time  : 43.62           sec / 0.73       min
TA Size        : 3
Model statistics
Evaluation Statistics for 200 pos. and 200 neg. traces: 
True Positives: 166
True Negatives: 176
False Positives: 24
False Negatives: 34
Precision: 0.87
Recall: 0.83
F1: 0.85
Seed 10        :
Learning Time  : 56.16           sec / 0.94       min
TA Size        : 3
Model statistics
Evaluation Statistics for 200 pos. and 200 neg. traces: 
True Positives: 143
True Negatives: 195
False Positives: 5
False Negatives: 57
Precision: 0.97
Recall: 0.72
F1: 0.82
Seed 5         :
Learning Time  : 65.60           sec / 1.09       min
TA Size        : 3
Model statistics
Evaluation Statistics for 200 pos. and 200 neg. traces: 
True Positives: 164
True Negatives: 195
False Positives: 5
False Negatives: 36
Precision: 0.97
Recall: 0.82
F1: 0.89
Seed 6         :
Learning Time  : 23.66           sec / 0.39       min
TA Size        : 3
Model statistics
Evaluation Statistics for 200 pos. and 200 neg. traces: 
True Positives: 154
True Negatives: 200
False Positives: 0
False Negatives: 46
Precision: 1.00
Recall: 0.77
F1: 0.87
Seed 7         :
Learning Time  : 33.18           sec / 0.55       min
TA Size        : 3
Model statistics
Evaluation Statistics for 200 pos. and 200 neg. traces: 
True Positives: 166
True Negatives: 192
False Positives: 8
False Negatives: 34
Precision: 0.95
Recall: 0.83
F1: 0.89
Seed 8         :
Learning Time  : 3.56            sec / 0.06       min
TA Size        : 2
Model statistics
Evaluation Statistics for 200 pos. and 200 neg. traces: 
True Positives: 177
True Negatives: 198
False Positives: 2
False Negatives: 23
Precision: 0.99
Recall: 0.89
F1: 0.93
Seed 9         :
Learning Time  : 27.13           sec / 0.45       min
TA Size        : 3
Model statistics
Evaluation Statistics for 200 pos. and 200 neg. traces: 
True Positives: 171
True Negatives: 168
False Positives: 32
False Negatives: 29
Precision: 0.84
Recall: 0.86
F1: 0.85
