Time logs for 3loc-real-bfs-bsize1
==================================
Configuration:
==================================
BFS: true 
Batch size: 1 
Location Bound: 4 
Edge Bound: 8 
# Training Traces: 30 
k-Urgency: 3 
Max. Guard Constant: 20 
Solver: MATHSAT5 
Mode: Real 
Rounding: 1 
Learning time summary: 
==================================
Mean          :32.24           sec / 0.54       min
Max           :59.09           sec / 0.98       min
Min           :3.73            sec / 0.06       min
Median        :31.70           sec / 0.53       min
Automaton size summary: 
==================================
Mean          :2.90
Max           :3.00
Min           :2.00
Median        :3.00
Model metrics summary: 
==================================
Precision:
Mean          :0.96
Max           :1.00
Min           :0.92
Median        :0.98
Recall:
Mean          :0.97
Max           :1.00
Min           :0.84
Median        :0.99
F1:
Mean          :0.97
Max           :1.00
Min           :0.91
Median        :0.98
Results for individual experiments: 
==================================
Seed 1         :
Learning Time  : 45.89           sec / 0.76       min
TA Size        : 3
Model statistics
Evaluation Statistics for 200 pos. and 200 neg. traces: 
True Positives: 200
True Negatives: 199
False Positives: 1
False Negatives: 0
Precision: 1.00
Recall: 1.00
F1: 1.00
Seed 2         :
Learning Time  : 26.67           sec / 0.44       min
TA Size        : 3
Model statistics
Evaluation Statistics for 200 pos. and 200 neg. traces: 
True Positives: 200
True Negatives: 194
False Positives: 6
False Negatives: 0
Precision: 0.97
Recall: 1.00
F1: 0.99
Seed 3         :
Learning Time  : 34.62           sec / 0.58       min
TA Size        : 3
Model statistics
Evaluation Statistics for 200 pos. and 200 neg. traces: 
True Positives: 200
True Negatives: 185
False Positives: 15
False Negatives: 0
Precision: 0.93
Recall: 1.00
F1: 0.96
Seed 4         :
Learning Time  : 31.52           sec / 0.53       min
TA Size        : 3
Model statistics
Evaluation Statistics for 200 pos. and 200 neg. traces: 
True Positives: 184
True Negatives: 187
False Positives: 13
False Negatives: 16
Precision: 0.93
Recall: 0.92
F1: 0.93
Seed 10        :
Learning Time  : 36.54           sec / 0.61       min
TA Size        : 3
Model statistics
Evaluation Statistics for 200 pos. and 200 neg. traces: 
True Positives: 200
True Negatives: 192
False Positives: 8
False Negatives: 0
Precision: 0.96
Recall: 1.00
F1: 0.98
Seed 5         :
Learning Time  : 59.09           sec / 0.98       min
TA Size        : 3
Model statistics
Evaluation Statistics for 200 pos. and 200 neg. traces: 
True Positives: 197
True Negatives: 198
False Positives: 2
False Negatives: 3
Precision: 0.99
Recall: 0.99
F1: 0.99
Seed 6         :
Learning Time  : 26.33           sec / 0.44       min
TA Size        : 3
Model statistics
Evaluation Statistics for 200 pos. and 200 neg. traces: 
True Positives: 200
True Negatives: 192
False Positives: 8
False Negatives: 0
Precision: 0.96
Recall: 1.00
F1: 0.98
Seed 7         :
Learning Time  : 26.15           sec / 0.44       min
TA Size        : 3
Model statistics
Evaluation Statistics for 200 pos. and 200 neg. traces: 
True Positives: 188
True Negatives: 183
False Positives: 17
False Negatives: 12
Precision: 0.92
Recall: 0.94
F1: 0.93
Seed 8         :
Learning Time  : 3.73            sec / 0.06       min
TA Size        : 2
Model statistics
Evaluation Statistics for 200 pos. and 200 neg. traces: 
True Positives: 200
True Negatives: 197
False Positives: 3
False Negatives: 0
Precision: 0.99
Recall: 1.00
F1: 0.99
Seed 9         :
Learning Time  : 31.88           sec / 0.53       min
TA Size        : 3
Model statistics
Evaluation Statistics for 200 pos. and 200 neg. traces: 
True Positives: 168
True Negatives: 200
False Positives: 0
False Negatives: 32
Precision: 1.00
Recall: 0.84
F1: 0.91
