Time logs for 4loc-bv-bfs-bsize1
==================================
Configuration:
==================================
BFS: true 
Batch size: 1 
Location Bound: 5 
Edge Bound: 10 
# Training Traces: 40 
k-Urgency: 3 
Max. Guard Constant: 20 
Solver: MATHSAT5 
Mode: BV 
Rounding: 100 
Learning time summary: 
==================================
Mean          :896.29          sec / 14.94      min
Max           :2568.88         sec / 42.81      min
Min           :24.59           sec / 0.41       min
Median        :693.76          sec / 11.56      min
Automaton size summary: 
==================================
Mean          :3.60
Max           :4.00
Min           :2.00
Median        :4.00
Model metrics summary: 
==================================
Precision:
Mean          :0.96
Max           :1.00
Min           :0.88
Median        :0.98
Recall:
Mean          :0.87
Max           :0.92
Min           :0.74
Median        :0.89
F1:
Mean          :0.91
Max           :0.95
Min           :0.81
Median        :0.93
Results for individual experiments: 
==================================
Seed 1         :
Learning Time  : 675.07          sec / 11.25      min
TA Size        : 4
Model statistics
Evaluation Statistics for 200 pos. and 200 neg. traces: 
True Positives: 180
True Negatives: 200
False Positives: 0
False Negatives: 20
Precision: 1.00
Recall: 0.90
F1: 0.95
Seed 2         :
Learning Time  : 354.04          sec / 5.90       min
TA Size        : 3
Model statistics
Evaluation Statistics for 200 pos. and 200 neg. traces: 
True Positives: 183
True Negatives: 199
False Positives: 1
False Negatives: 17
Precision: 0.99
Recall: 0.92
F1: 0.95
Seed 3         :
Learning Time  : 179.57          sec / 2.99       min
TA Size        : 3
Model statistics
Evaluation Statistics for 200 pos. and 200 neg. traces: 
True Positives: 175
True Negatives: 197
False Positives: 3
False Negatives: 25
Precision: 0.98
Recall: 0.88
F1: 0.93
Seed 4         :
Learning Time  : 24.59           sec / 0.41       min
TA Size        : 2
Model statistics
Evaluation Statistics for 200 pos. and 200 neg. traces: 
True Positives: 168
True Negatives: 191
False Positives: 9
False Negatives: 32
Precision: 0.95
Recall: 0.84
F1: 0.89
Seed 10        :
Learning Time  : 502.55          sec / 8.38       min
TA Size        : 4
Model statistics
Evaluation Statistics for 200 pos. and 200 neg. traces: 
True Positives: 181
True Negatives: 191
False Positives: 9
False Negatives: 19
Precision: 0.95
Recall: 0.91
F1: 0.93
Seed 5         :
Learning Time  : 712.45          sec / 11.87      min
TA Size        : 4
Model statistics
Evaluation Statistics for 200 pos. and 200 neg. traces: 
True Positives: 176
True Negatives: 200
False Positives: 0
False Negatives: 24
Precision: 1.00
Recall: 0.88
F1: 0.94
Seed 6         :
Learning Time  : 721.13          sec / 12.02      min
TA Size        : 4
Model statistics
Evaluation Statistics for 200 pos. and 200 neg. traces: 
True Positives: 184
True Negatives: 197
False Positives: 3
False Negatives: 16
Precision: 0.98
Recall: 0.92
F1: 0.95
Seed 7         :
Learning Time  : 1112.66         sec / 18.54      min
TA Size        : 4
Model statistics
Evaluation Statistics for 200 pos. and 200 neg. traces: 
True Positives: 148
True Negatives: 181
False Positives: 19
False Negatives: 52
Precision: 0.89
Recall: 0.74
F1: 0.81
Seed 8         :
Learning Time  : 2568.88         sec / 42.81      min
TA Size        : 4
Model statistics
Evaluation Statistics for 200 pos. and 200 neg. traces: 
True Positives: 168
True Negatives: 198
False Positives: 2
False Negatives: 32
Precision: 0.99
Recall: 0.84
F1: 0.91
Seed 9         :
Learning Time  : 2111.93         sec / 35.20      min
TA Size        : 4
Model statistics
Evaluation Statistics for 200 pos. and 200 neg. traces: 
True Positives: 169
True Negatives: 177
False Positives: 23
False Negatives: 31
Precision: 0.88
Recall: 0.85
F1: 0.86
