Time logs for 4loc-int-bfs-bsize1
==================================
Configuration:
==================================
BFS: true 
Batch size: 1 
Location Bound: 5 
Edge Bound: 10 
# Training Traces: 40 
k-Urgency: 3 
Max. Guard Constant: 20 
Solver: MATHSAT5 
Mode: Integer 
Rounding: 100 
Learning time summary: 
==================================
Mean          :554.22          sec / 9.24       min
Max           :1260.74         sec / 21.01      min
Min           :3.65            sec / 0.06       min
Median        :581.72          sec / 9.70       min
Automaton size summary: 
==================================
Mean          :3.60
Max           :4.00
Min           :2.00
Median        :4.00
Model metrics summary: 
==================================
Precision:
Mean          :0.98
Max           :1.00
Min           :0.94
Median        :0.96
Recall:
Mean          :0.85
Max           :0.93
Min           :0.77
Median        :0.89
F1:
Mean          :0.91
Max           :0.96
Min           :0.87
Median        :0.92
Results for individual experiments: 
==================================
Seed 1         :
Learning Time  : 619.28          sec / 10.32      min
TA Size        : 4
Model statistics
Evaluation Statistics for 200 pos. and 200 neg. traces: 
True Positives: 165
True Negatives: 200
False Positives: 0
False Negatives: 35
Precision: 1.00
Recall: 0.83
F1: 0.90
Seed 2         :
Learning Time  : 83.40           sec / 1.39       min
TA Size        : 3
Model statistics
Evaluation Statistics for 200 pos. and 200 neg. traces: 
True Positives: 186
True Negatives: 199
False Positives: 1
False Negatives: 14
Precision: 0.99
Recall: 0.93
F1: 0.96
Seed 3         :
Learning Time  : 136.56          sec / 2.28       min
TA Size        : 3
Model statistics
Evaluation Statistics for 200 pos. and 200 neg. traces: 
True Positives: 180
True Negatives: 197
False Positives: 3
False Negatives: 20
Precision: 0.98
Recall: 0.90
F1: 0.94
Seed 4         :
Learning Time  : 3.65            sec / 0.06       min
TA Size        : 2
Model statistics
Evaluation Statistics for 200 pos. and 200 neg. traces: 
True Positives: 167
True Negatives: 189
False Positives: 11
False Negatives: 33
Precision: 0.94
Recall: 0.84
F1: 0.88
Seed 10        :
Learning Time  : 276.74          sec / 4.61       min
TA Size        : 4
Model statistics
Evaluation Statistics for 200 pos. and 200 neg. traces: 
True Positives: 181
True Negatives: 188
False Positives: 12
False Negatives: 19
Precision: 0.94
Recall: 0.91
F1: 0.92
Seed 5         :
Learning Time  : 544.16          sec / 9.07       min
TA Size        : 4
Model statistics
Evaluation Statistics for 200 pos. and 200 neg. traces: 
True Positives: 174
True Negatives: 197
False Positives: 3
False Negatives: 26
Precision: 0.98
Recall: 0.87
F1: 0.92
Seed 6         :
Learning Time  : 750.07          sec / 12.50      min
TA Size        : 4
Model statistics
Evaluation Statistics for 200 pos. and 200 neg. traces: 
True Positives: 163
True Negatives: 196
False Positives: 4
False Negatives: 37
Precision: 0.98
Recall: 0.82
F1: 0.89
Seed 7         :
Learning Time  : 958.65          sec / 15.98      min
TA Size        : 4
Model statistics
Evaluation Statistics for 200 pos. and 200 neg. traces: 
True Positives: 153
True Negatives: 200
False Positives: 0
False Negatives: 47
Precision: 1.00
Recall: 0.77
F1: 0.87
Seed 8         :
Learning Time  : 909.00          sec / 15.15      min
TA Size        : 4
Model statistics
Evaluation Statistics for 200 pos. and 200 neg. traces: 
True Positives: 182
True Negatives: 198
False Positives: 2
False Negatives: 18
Precision: 0.99
Recall: 0.91
F1: 0.95
Seed 9         :
Learning Time  : 1260.74         sec / 21.01      min
TA Size        : 4
Model statistics
Evaluation Statistics for 200 pos. and 200 neg. traces: 
True Positives: 158
True Negatives: 199
False Positives: 1
False Negatives: 42
Precision: 0.99
Recall: 0.79
F1: 0.88
