Time logs for 3loc-bfs-noninc
==================================
Configuration:
==================================
BFS: true 
Batch size: -1 
Location Bound: 4 
Edge Bound: 8 
# Training Traces: 30 
k-Urgency: 3 
Max. Guard Constant: 20 
Solver: BOOLECTOR 
Mode: BV 
Rounding: 100 
Learning time summary: 
==================================
Mean          :17.06           sec / 0.28       min
Max           :26.62           sec / 0.44       min
Min           :5.42            sec / 0.09       min
Median        :17.39           sec / 0.29       min
Automaton size summary: 
==================================
Mean          :2.90
Max           :3.00
Min           :2.00
Median        :3.00
Model metrics summary: 
==================================
Precision:
Mean          :0.94
Max           :1.00
Min           :0.73
Median        :1.00
Recall:
Mean          :0.89
Max           :1.00
Min           :0.82
Median        :0.86
F1:
Mean          :0.91
Max           :0.99
Min           :0.79
Median        :0.92
Results for individual experiments: 
==================================
Seed 1         :
Learning Time  : 19.32           sec / 0.32       min
TA Size        : 3
Model statistics
Evaluation Statistics for 200 pos. and 200 neg. traces: 
True Positives: 182
True Negatives: 199
False Positives: 1
False Negatives: 18
Precision: 0.99
Recall: 0.91
F1: 0.95
Seed 2         :
Learning Time  : 14.62           sec / 0.24       min
TA Size        : 3
Model statistics
Evaluation Statistics for 200 pos. and 200 neg. traces: 
True Positives: 167
True Negatives: 195
False Positives: 5
False Negatives: 33
Precision: 0.97
Recall: 0.84
F1: 0.90
Seed 3         :
Learning Time  : 17.12           sec / 0.29       min
TA Size        : 3
Model statistics
Evaluation Statistics for 200 pos. and 200 neg. traces: 
True Positives: 164
True Negatives: 190
False Positives: 10
False Negatives: 36
Precision: 0.94
Recall: 0.82
F1: 0.88
Seed 4         :
Learning Time  : 17.65           sec / 0.29       min
TA Size        : 3
Model statistics
Evaluation Statistics for 200 pos. and 200 neg. traces: 
True Positives: 181
True Negatives: 171
False Positives: 29
False Negatives: 19
Precision: 0.86
Recall: 0.91
F1: 0.88
Seed 10        :
Learning Time  : 26.62           sec / 0.44       min
TA Size        : 3
Model statistics
Evaluation Statistics for 200 pos. and 200 neg. traces: 
True Positives: 169
True Negatives: 199
False Positives: 1
False Negatives: 31
Precision: 0.99
Recall: 0.85
F1: 0.91
Seed 5         :
Learning Time  : 22.07           sec / 0.37       min
TA Size        : 3
Model statistics
Evaluation Statistics for 200 pos. and 200 neg. traces: 
True Positives: 174
True Negatives: 200
False Positives: 0
False Negatives: 26
Precision: 1.00
Recall: 0.87
F1: 0.93
Seed 6         :
Learning Time  : 18.17           sec / 0.30       min
TA Size        : 3
Model statistics
Evaluation Statistics for 200 pos. and 200 neg. traces: 
True Positives: 179
True Negatives: 193
False Positives: 7
False Negatives: 21
Precision: 0.96
Recall: 0.90
F1: 0.93
Seed 7         :
Learning Time  : 14.47           sec / 0.24       min
TA Size        : 3
Model statistics
Evaluation Statistics for 200 pos. and 200 neg. traces: 
True Positives: 189
True Negatives: 183
False Positives: 17
False Negatives: 11
Precision: 0.92
Recall: 0.95
F1: 0.93
Seed 8         :
Learning Time  : 5.42            sec / 0.09       min
TA Size        : 2
Model statistics
Evaluation Statistics for 200 pos. and 200 neg. traces: 
True Positives: 200
True Negatives: 197
False Positives: 3
False Negatives: 0
Precision: 0.99
Recall: 1.00
F1: 0.99
Seed 9         :
Learning Time  : 15.16           sec / 0.25       min
TA Size        : 3
Model statistics
Evaluation Statistics for 200 pos. and 200 neg. traces: 
True Positives: 173
True Negatives: 136
False Positives: 64
False Negatives: 27
Precision: 0.73
Recall: 0.87
F1: 0.79
