Time logs for 4loc-bfs-noninc
==================================
Configuration:
==================================
BFS: true 
Batch size: -1 
Location Bound: 5 
Edge Bound: 10 
# Training Traces: 40 
k-Urgency: 3 
Max. Guard Constant: 20 
Solver: BOOLECTOR 
Mode: BV 
Rounding: 100 
Learning time summary: 
==================================
Mean          :55.96           sec / 0.93       min
Max           :107.16          sec / 1.79       min
Min           :10.03           sec / 0.17       min
Median        :59.67           sec / 0.99       min
Automaton size summary: 
==================================
Mean          :3.60
Max           :4.00
Min           :2.00
Median        :4.00
Model metrics summary: 
==================================
Precision:
Mean          :0.97
Max           :1.00
Min           :0.90
Median        :0.96
Recall:
Mean          :0.86
Max           :0.94
Min           :0.79
Median        :0.87
F1:
Mean          :0.91
Max           :0.96
Min           :0.84
Median        :0.91
Results for individual experiments: 
==================================
Seed 1         :
Learning Time  : 70.77           sec / 1.18       min
TA Size        : 4
Model statistics
Evaluation Statistics for 200 pos. and 200 neg. traces: 
True Positives: 163
True Negatives: 200
False Positives: 0
False Negatives: 37
Precision: 1.00
Recall: 0.82
F1: 0.90
Seed 2         :
Learning Time  : 29.10           sec / 0.49       min
TA Size        : 3
Model statistics
Evaluation Statistics for 200 pos. and 200 neg. traces: 
True Positives: 187
True Negatives: 198
False Positives: 2
False Negatives: 13
Precision: 0.99
Recall: 0.94
F1: 0.96
Seed 3         :
Learning Time  : 21.94           sec / 0.37       min
TA Size        : 3
Model statistics
Evaluation Statistics for 200 pos. and 200 neg. traces: 
True Positives: 178
True Negatives: 197
False Positives: 3
False Negatives: 22
Precision: 0.98
Recall: 0.89
F1: 0.93
Seed 4         :
Learning Time  : 10.03           sec / 0.17       min
TA Size        : 2
Model statistics
Evaluation Statistics for 200 pos. and 200 neg. traces: 
True Positives: 187
True Negatives: 198
False Positives: 2
False Negatives: 13
Precision: 0.99
Recall: 0.94
F1: 0.96
Seed 10        :
Learning Time  : 50.00           sec / 0.83       min
TA Size        : 4
Model statistics
Evaluation Statistics for 200 pos. and 200 neg. traces: 
True Positives: 169
True Negatives: 190
False Positives: 10
False Negatives: 31
Precision: 0.94
Recall: 0.85
F1: 0.89
Seed 5         :
Learning Time  : 67.72           sec / 1.13       min
TA Size        : 4
Model statistics
Evaluation Statistics for 200 pos. and 200 neg. traces: 
True Positives: 179
True Negatives: 197
False Positives: 3
False Negatives: 21
Precision: 0.98
Recall: 0.90
F1: 0.94
Seed 6         :
Learning Time  : 65.18           sec / 1.09       min
TA Size        : 4
Model statistics
Evaluation Statistics for 200 pos. and 200 neg. traces: 
True Positives: 164
True Negatives: 199
False Positives: 1
False Negatives: 36
Precision: 0.99
Recall: 0.82
F1: 0.90
Seed 7         :
Learning Time  : 83.56           sec / 1.39       min
TA Size        : 4
Model statistics
Evaluation Statistics for 200 pos. and 200 neg. traces: 
True Positives: 157
True Negatives: 183
False Positives: 17
False Negatives: 43
Precision: 0.90
Recall: 0.79
F1: 0.84
Seed 8         :
Learning Time  : 107.16          sec / 1.79       min
TA Size        : 4
Model statistics
Evaluation Statistics for 200 pos. and 200 neg. traces: 
True Positives: 165
True Negatives: 198
False Positives: 2
False Negatives: 35
Precision: 0.99
Recall: 0.83
F1: 0.90
Seed 9         :
Learning Time  : 54.16           sec / 0.90       min
TA Size        : 4
Model statistics
Evaluation Statistics for 200 pos. and 200 neg. traces: 
True Positives: 172
True Negatives: 186
False Positives: 14
False Negatives: 28
Precision: 0.92
Recall: 0.86
F1: 0.89
