Time logs for 5loc-bfs-inc-bsize1
==================================
Configuration:
==================================
BFS: true 
Batch size: 1 
Location Bound: 6 
Edge Bound: 12 
# Training Traces: 50 
k-Urgency: 3 
Max. Guard Constant: 20 
Solver: BOOLECTOR 
Mode: BV 
Rounding: 100 
Learning time summary: 
==================================
Mean          :195.01          sec / 3.25       min
Max           :566.60          sec / 9.44       min
Min           :7.44            sec / 0.12       min
Median        :128.70          sec / 2.14       min
Automaton size summary: 
==================================
Mean          :3.50
Max           :5.00
Min           :2.00
Median        :3.50
Model metrics summary: 
==================================
Precision:
Mean          :0.93
Max           :0.99
Min           :0.70
Median        :0.97
Recall:
Mean          :0.94
Max           :1.00
Min           :0.81
Median        :0.91
F1:
Mean          :0.93
Max           :0.98
Min           :0.81
Median        :0.93
Results for individual experiments: 
==================================
Seed 1         :
Learning Time  : 566.60          sec / 9.44       min
TA Size        : 5
Model statistics
Evaluation Statistics for 200 pos. and 200 neg. traces: 
True Positives: 173
True Negatives: 194
False Positives: 6
False Negatives: 27
Precision: 0.97
Recall: 0.87
F1: 0.91
Seed 2         :
Learning Time  : 226.90          sec / 3.78       min
TA Size        : 4
Model statistics
Evaluation Statistics for 200 pos. and 200 neg. traces: 
True Positives: 193
True Negatives: 196
False Positives: 4
False Negatives: 7
Precision: 0.98
Recall: 0.97
F1: 0.97
Seed 3         :
Learning Time  : 44.55           sec / 0.74       min
TA Size        : 3
Model statistics
Evaluation Statistics for 200 pos. and 200 neg. traces: 
True Positives: 200
True Negatives: 192
False Positives: 8
False Negatives: 0
Precision: 0.96
Recall: 1.00
F1: 0.98
Seed 4         :
Learning Time  : 76.58           sec / 1.28       min
TA Size        : 3
Model statistics
Evaluation Statistics for 200 pos. and 200 neg. traces: 
True Positives: 191
True Negatives: 184
False Positives: 16
False Negatives: 9
Precision: 0.92
Recall: 0.96
F1: 0.94
Seed 10        :
Learning Time  : 132.03          sec / 2.20       min
TA Size        : 3
Model statistics
Evaluation Statistics for 200 pos. and 200 neg. traces: 
True Positives: 200
True Negatives: 187
False Positives: 13
False Negatives: 0
Precision: 0.94
Recall: 1.00
F1: 0.97
Seed 5         :
Learning Time  : 204.73          sec / 3.41       min
TA Size        : 4
Model statistics
Evaluation Statistics for 200 pos. and 200 neg. traces: 
True Positives: 162
True Negatives: 199
False Positives: 1
False Negatives: 38
Precision: 0.99
Recall: 0.81
F1: 0.89
Seed 6         :
Learning Time  : 7.44            sec / 0.12       min
TA Size        : 2
Model statistics
Evaluation Statistics for 200 pos. and 200 neg. traces: 
True Positives: 200
True Negatives: 185
False Positives: 15
False Negatives: 0
Precision: 0.93
Recall: 1.00
F1: 0.96
Seed 7         :
Learning Time  : 79.32           sec / 1.32       min
TA Size        : 3
Model statistics
Evaluation Statistics for 200 pos. and 200 neg. traces: 
True Positives: 192
True Negatives: 116
False Positives: 84
False Negatives: 8
Precision: 0.70
Recall: 0.96
F1: 0.81
Seed 8         :
Learning Time  : 486.54          sec / 8.11       min
TA Size        : 5
Model statistics
Evaluation Statistics for 200 pos. and 200 neg. traces: 
True Positives: 167
True Negatives: 196
False Positives: 4
False Negatives: 33
Precision: 0.98
Recall: 0.84
F1: 0.90
Seed 9         :
Learning Time  : 125.37          sec / 2.09       min
TA Size        : 3
Model statistics
Evaluation Statistics for 200 pos. and 200 neg. traces: 
True Positives: 193
True Negatives: 188
False Positives: 12
False Negatives: 7
Precision: 0.94
Recall: 0.97
F1: 0.95
