Time logs for 3loc-bfs-noninc
==================================
Configuration:
==================================
BFS: true 
Batch size: -1 
Location Bound: 4 
Edge Bound: 8 
# Training Traces: 30 
k-Urgency: 3 
Max. Guard Constant: 20 
Solver: Z3 
Mode: Real 
Rounding: 1 
Learning time summary: 
==================================
Mean          :189.83          sec / 3.16       min
Max           :341.73          sec / 5.70       min
Min           :52.89           sec / 0.88       min
Median        :175.10          sec / 2.92       min
Automaton size summary: 
==================================
Mean          :2.90
Max           :3.00
Min           :2.00
Median        :3.00
Model metrics summary: 
==================================
Precision:
Mean          :0.96
Max           :1.00
Min           :0.86
Median        :0.98
Recall:
Mean          :1.00
Max           :1.00
Min           :0.97
Median        :1.00
F1:
Mean          :0.98
Max           :1.00
Min           :0.92
Median        :0.99
Results for individual experiments: 
==================================
Seed 1         :
Learning Time  : 265.79          sec / 4.43       min
TA Size        : 3
Model statistics
Evaluation Statistics for 200 pos. and 200 neg. traces: 
True Positives: 200
True Negatives: 199
False Positives: 1
False Negatives: 0
Precision: 1.00
Recall: 1.00
F1: 1.00
Seed 2         :
Learning Time  : 179.13          sec / 2.99       min
TA Size        : 3
Model statistics
Evaluation Statistics for 200 pos. and 200 neg. traces: 
True Positives: 200
True Negatives: 195
False Positives: 5
False Negatives: 0
Precision: 0.98
Recall: 1.00
F1: 0.99
Seed 3         :
Learning Time  : 341.73          sec / 5.70       min
TA Size        : 3
Model statistics
Evaluation Statistics for 200 pos. and 200 neg. traces: 
True Positives: 200
True Negatives: 187
False Positives: 13
False Negatives: 0
Precision: 0.94
Recall: 1.00
F1: 0.97
Seed 4         :
Learning Time  : 171.07          sec / 2.85       min
TA Size        : 3
Model statistics
Evaluation Statistics for 200 pos. and 200 neg. traces: 
True Positives: 199
True Negatives: 167
False Positives: 33
False Negatives: 1
Precision: 0.86
Recall: 1.00
F1: 0.92
Seed 10        :
Learning Time  : 211.82          sec / 3.53       min
TA Size        : 3
Model statistics
Evaluation Statistics for 200 pos. and 200 neg. traces: 
True Positives: 198
True Negatives: 192
False Positives: 8
False Negatives: 2
Precision: 0.96
Recall: 0.99
F1: 0.98
Seed 5         :
Learning Time  : 219.86          sec / 3.66       min
TA Size        : 3
Model statistics
Evaluation Statistics for 200 pos. and 200 neg. traces: 
True Positives: 200
True Negatives: 200
False Positives: 0
False Negatives: 0
Precision: 1.00
Recall: 1.00
F1: 1.00
Seed 6         :
Learning Time  : 145.51          sec / 2.43       min
TA Size        : 3
Model statistics
Evaluation Statistics for 200 pos. and 200 neg. traces: 
True Positives: 200
True Negatives: 192
False Positives: 8
False Negatives: 0
Precision: 0.96
Recall: 1.00
F1: 0.98
Seed 7         :
Learning Time  : 153.98          sec / 2.57       min
TA Size        : 3
Model statistics
Evaluation Statistics for 200 pos. and 200 neg. traces: 
True Positives: 200
True Negatives: 189
False Positives: 11
False Negatives: 0
Precision: 0.95
Recall: 1.00
F1: 0.97
Seed 8         :
Learning Time  : 52.89           sec / 0.88       min
TA Size        : 2
Model statistics
Evaluation Statistics for 200 pos. and 200 neg. traces: 
True Positives: 200
True Negatives: 198
False Positives: 2
False Negatives: 0
Precision: 0.99
Recall: 1.00
F1: 1.00
Seed 9         :
Learning Time  : 156.48          sec / 2.61       min
TA Size        : 3
Model statistics
Evaluation Statistics for 200 pos. and 200 neg. traces: 
True Positives: 194
True Negatives: 188
False Positives: 12
False Negatives: 6
Precision: 0.94
Recall: 0.97
F1: 0.96
