Time logs for 3loc-bv-bfs-noninc
==================================
Configuration:
==================================
BFS: true 
Batch size: -1 
Location Bound: 4 
Edge Bound: 8 
# Training Traces: 30 
k-Urgency: 3 
Max. Guard Constant: 20 
Solver: Z3 
Mode: BV 
Rounding: 100 
Learning time summary: 
==================================
Mean          :21.00           sec / 0.35       min
Max           :36.48           sec / 0.61       min
Min           :11.89           sec / 0.20       min
Median        :20.30           sec / 0.34       min
Automaton size summary: 
==================================
Mean          :2.90
Max           :3.00
Min           :2.00
Median        :3.00
Model metrics summary: 
==================================
Precision:
Mean          :0.95
Max           :1.00
Min           :0.83
Median        :0.98
Recall:
Mean          :0.91
Max           :0.97
Min           :0.82
Median        :0.93
F1:
Mean          :0.93
Max           :0.98
Min           :0.88
Median        :0.95
Results for individual experiments: 
==================================
Seed 1         :
Learning Time  : 21.37           sec / 0.36       min
TA Size        : 3
Model statistics
Evaluation Statistics for 200 pos. and 200 neg. traces: 
True Positives: 192
True Negatives: 199
False Positives: 1
False Negatives: 8
Precision: 0.99
Recall: 0.96
F1: 0.98
Seed 2         :
Learning Time  : 19.23           sec / 0.32       min
TA Size        : 3
Model statistics
Evaluation Statistics for 200 pos. and 200 neg. traces: 
True Positives: 175
True Negatives: 194
False Positives: 6
False Negatives: 25
Precision: 0.97
Recall: 0.88
F1: 0.92
Seed 3         :
Learning Time  : 25.58           sec / 0.43       min
TA Size        : 3
Model statistics
Evaluation Statistics for 200 pos. and 200 neg. traces: 
True Positives: 163
True Negatives: 191
False Positives: 9
False Negatives: 37
Precision: 0.95
Recall: 0.82
F1: 0.88
Seed 4         :
Learning Time  : 14.21           sec / 0.24       min
TA Size        : 3
Model statistics
Evaluation Statistics for 200 pos. and 200 neg. traces: 
True Positives: 192
True Negatives: 161
False Positives: 39
False Negatives: 8
Precision: 0.83
Recall: 0.96
F1: 0.89
Seed 10        :
Learning Time  : 36.48           sec / 0.61       min
TA Size        : 3
Model statistics
Evaluation Statistics for 200 pos. and 200 neg. traces: 
True Positives: 190
True Negatives: 195
False Positives: 5
False Negatives: 10
Precision: 0.97
Recall: 0.95
F1: 0.96
Seed 5         :
Learning Time  : 28.44           sec / 0.47       min
TA Size        : 3
Model statistics
Evaluation Statistics for 200 pos. and 200 neg. traces: 
True Positives: 183
True Negatives: 196
False Positives: 4
False Negatives: 17
Precision: 0.98
Recall: 0.92
F1: 0.95
Seed 6         :
Learning Time  : 21.58           sec / 0.36       min
TA Size        : 3
Model statistics
Evaluation Statistics for 200 pos. and 200 neg. traces: 
True Positives: 176
True Negatives: 191
False Positives: 9
False Negatives: 24
Precision: 0.95
Recall: 0.88
F1: 0.91
Seed 7         :
Learning Time  : 16.61           sec / 0.28       min
TA Size        : 3
Model statistics
Evaluation Statistics for 200 pos. and 200 neg. traces: 
True Positives: 193
True Negatives: 182
False Positives: 18
False Negatives: 7
Precision: 0.91
Recall: 0.97
F1: 0.94
Seed 8         :
Learning Time  : 11.89           sec / 0.20       min
TA Size        : 2
Model statistics
Evaluation Statistics for 200 pos. and 200 neg. traces: 
True Positives: 186
True Negatives: 198
False Positives: 2
False Negatives: 14
Precision: 0.99
Recall: 0.93
F1: 0.96
Seed 9         :
Learning Time  : 14.65           sec / 0.24       min
TA Size        : 3
Model statistics
Evaluation Statistics for 200 pos. and 200 neg. traces: 
True Positives: 165
True Negatives: 200
False Positives: 0
False Negatives: 35
Precision: 1.00
Recall: 0.83
F1: 0.90
