Time logs for 4loc-bfs-bsize1
==================================
Configuration:
==================================
BFS: true 
Batch size: 1 
Location Bound: 5 
Edge Bound: 10 
# Training Traces: 40 
k-Urgency: 3 
Max. Guard Constant: 20 
Solver: Z3 
Mode: BV 
Rounding: 100 
Learning time summary: 
==================================
Mean          :36.98           sec / 0.62       min
Max           :179.12          sec / 2.99       min
Min           :4.09            sec / 0.07       min
Median        :19.64           sec / 0.33       min
Automaton size summary: 
==================================
Mean          :3.60
Max           :4.00
Min           :2.00
Median        :4.00
Model metrics summary: 
==================================
Precision:
Mean          :0.96
Max           :1.00
Min           :0.87
Median        :0.97
Recall:
Mean          :0.85
Max           :0.91
Min           :0.77
Median        :0.83
F1:
Mean          :0.90
Max           :0.95
Min           :0.86
Median        :0.89
Results for individual experiments: 
==================================
Seed 1         :
Learning Time  : 54.29           sec / 0.90       min
TA Size        : 4
Model statistics
Evaluation Statistics for 200 pos. and 200 neg. traces: 
True Positives: 168
True Negatives: 200
False Positives: 0
False Negatives: 32
Precision: 1.00
Recall: 0.84
F1: 0.91
Seed 2         :
Learning Time  : 4.66            sec / 0.08       min
TA Size        : 3
Model statistics
Evaluation Statistics for 200 pos. and 200 neg. traces: 
True Positives: 181
True Negatives: 200
False Positives: 0
False Negatives: 19
Precision: 1.00
Recall: 0.91
F1: 0.95
Seed 3         :
Learning Time  : 7.40            sec / 0.12       min
TA Size        : 3
Model statistics
Evaluation Statistics for 200 pos. and 200 neg. traces: 
True Positives: 180
True Negatives: 197
False Positives: 3
False Negatives: 20
Precision: 0.98
Recall: 0.90
F1: 0.94
Seed 4         :
Learning Time  : 4.09            sec / 0.07       min
TA Size        : 2
Model statistics
Evaluation Statistics for 200 pos. and 200 neg. traces: 
True Positives: 169
True Negatives: 190
False Positives: 10
False Negatives: 31
Precision: 0.94
Recall: 0.85
F1: 0.89
Seed 10        :
Learning Time  : 22.87           sec / 0.38       min
TA Size        : 4
Model statistics
Evaluation Statistics for 200 pos. and 200 neg. traces: 
True Positives: 179
True Negatives: 192
False Positives: 8
False Negatives: 21
Precision: 0.96
Recall: 0.90
F1: 0.93
Seed 5         :
Learning Time  : 24.12           sec / 0.40       min
TA Size        : 4
Model statistics
Evaluation Statistics for 200 pos. and 200 neg. traces: 
True Positives: 154
True Negatives: 196
False Positives: 4
False Negatives: 46
Precision: 0.97
Recall: 0.77
F1: 0.86
Seed 6         :
Learning Time  : 16.41           sec / 0.27       min
TA Size        : 4
Model statistics
Evaluation Statistics for 200 pos. and 200 neg. traces: 
True Positives: 159
True Negatives: 197
False Positives: 3
False Negatives: 41
Precision: 0.98
Recall: 0.80
F1: 0.88
Seed 7         :
Learning Time  : 41.18           sec / 0.69       min
TA Size        : 4
Model statistics
Evaluation Statistics for 200 pos. and 200 neg. traces: 
True Positives: 175
True Negatives: 173
False Positives: 27
False Negatives: 25
Precision: 0.87
Recall: 0.88
F1: 0.87
Seed 8         :
Learning Time  : 179.12          sec / 2.99       min
TA Size        : 4
Model statistics
Evaluation Statistics for 200 pos. and 200 neg. traces: 
True Positives: 168
True Negatives: 199
False Positives: 1
False Negatives: 32
Precision: 0.99
Recall: 0.84
F1: 0.91
Seed 9         :
Learning Time  : 15.68           sec / 0.26       min
TA Size        : 4
Model statistics
Evaluation Statistics for 200 pos. and 200 neg. traces: 
True Positives: 168
True Negatives: 179
False Positives: 21
False Negatives: 32
Precision: 0.89
Recall: 0.84
F1: 0.86
