Time logs for 3loc-int-bfs-bsize1
==================================
Configuration:
==================================
BFS: true 
Batch size: 1 
Location Bound: 4 
Edge Bound: 8 
# Training Traces: 30 
k-Urgency: 3 
Max. Guard Constant: 20 
Solver: SMTINTERPOL 
Mode: Integer 
Rounding: 100 
Learning time summary: 
==================================
Mean          :143.40          sec / 2.39       min
Max           :266.83          sec / 4.45       min
Min           :6.51            sec / 0.11       min
Median        :144.46          sec / 2.41       min
Automaton size summary: 
==================================
Mean          :2.90
Max           :3.00
Min           :2.00
Median        :3.00
Model metrics summary: 
==================================
Precision:
Mean          :0.95
Max           :1.00
Min           :0.84
Median        :0.98
Recall:
Mean          :0.86
Max           :0.95
Min           :0.80
Median        :0.86
F1:
Mean          :0.90
Max           :0.96
Min           :0.84
Median        :0.91
Results for individual experiments: 
==================================
Seed 1         :
Learning Time  : 200.84          sec / 3.35       min
TA Size        : 3
Model statistics
Evaluation Statistics for 200 pos. and 200 neg. traces: 
True Positives: 168
True Negatives: 199
False Positives: 1
False Negatives: 32
Precision: 0.99
Recall: 0.84
F1: 0.91
Seed 2         :
Learning Time  : 99.77           sec / 1.66       min
TA Size        : 3
Model statistics
Evaluation Statistics for 200 pos. and 200 neg. traces: 
True Positives: 160
True Negatives: 200
False Positives: 0
False Negatives: 40
Precision: 1.00
Recall: 0.80
F1: 0.89
Seed 3         :
Learning Time  : 235.15          sec / 3.92       min
TA Size        : 3
Model statistics
Evaluation Statistics for 200 pos. and 200 neg. traces: 
True Positives: 185
True Negatives: 186
False Positives: 14
False Negatives: 15
Precision: 0.93
Recall: 0.93
F1: 0.93
Seed 4         :
Learning Time  : 180.19          sec / 3.00       min
TA Size        : 3
Model statistics
Evaluation Statistics for 200 pos. and 200 neg. traces: 
True Positives: 160
True Negatives: 188
False Positives: 12
False Negatives: 40
Precision: 0.93
Recall: 0.80
F1: 0.86
Seed 10        :
Learning Time  : 112.23          sec / 1.87       min
TA Size        : 3
Model statistics
Evaluation Statistics for 200 pos. and 200 neg. traces: 
True Positives: 161
True Negatives: 195
False Positives: 5
False Negatives: 39
Precision: 0.97
Recall: 0.81
F1: 0.88
Seed 5         :
Learning Time  : 266.83          sec / 4.45       min
TA Size        : 3
Model statistics
Evaluation Statistics for 200 pos. and 200 neg. traces: 
True Positives: 181
True Negatives: 200
False Positives: 0
False Negatives: 19
Precision: 1.00
Recall: 0.91
F1: 0.95
Seed 6         :
Learning Time  : 134.63          sec / 2.24       min
TA Size        : 3
Model statistics
Evaluation Statistics for 200 pos. and 200 neg. traces: 
True Positives: 190
True Negatives: 193
False Positives: 7
False Negatives: 10
Precision: 0.96
Recall: 0.95
F1: 0.96
Seed 7         :
Learning Time  : 154.29          sec / 2.57       min
TA Size        : 3
Model statistics
Evaluation Statistics for 200 pos. and 200 neg. traces: 
True Positives: 173
True Negatives: 185
False Positives: 15
False Negatives: 27
Precision: 0.92
Recall: 0.87
F1: 0.89
Seed 8         :
Learning Time  : 6.51            sec / 0.11       min
TA Size        : 2
Model statistics
Evaluation Statistics for 200 pos. and 200 neg. traces: 
True Positives: 174
True Negatives: 197
False Positives: 3
False Negatives: 26
Precision: 0.98
Recall: 0.87
F1: 0.92
Seed 9         :
Learning Time  : 43.58           sec / 0.73       min
TA Size        : 3
Model statistics
Evaluation Statistics for 200 pos. and 200 neg. traces: 
True Positives: 168
True Negatives: 169
False Positives: 31
False Negatives: 32
Precision: 0.84
Recall: 0.84
F1: 0.84
