Time logs for 3loc-real-bfs-noninc
==================================
Configuration:
==================================
BFS: true 
Batch size: -1 
Location Bound: 4 
Edge Bound: 8 
# Training Traces: 30 
k-Urgency: 3 
Max. Guard Constant: 20 
Solver: SMTINTERPOL 
Mode: Real 
Rounding: 1 
Learning time summary: 
==================================
Mean          :161.71          sec / 2.70       min
Max           :240.90          sec / 4.01       min
Min           :30.64           sec / 0.51       min
Median        :171.29          sec / 2.85       min
Automaton size summary: 
==================================
Mean          :2.90
Max           :3.00
Min           :2.00
Median        :3.00
Model metrics summary: 
==================================
Precision:
Mean          :0.95
Max           :1.00
Min           :0.84
Median        :0.97
Recall:
Mean          :1.00
Max           :1.00
Min           :0.96
Median        :1.00
F1:
Mean          :0.97
Max           :1.00
Min           :0.91
Median        :0.99
Results for individual experiments: 
==================================
Seed 1         :
Learning Time  : 183.28          sec / 3.05       min
TA Size        : 3
Model statistics
Evaluation Statistics for 200 pos. and 200 neg. traces: 
True Positives: 200
True Negatives: 199
False Positives: 1
False Negatives: 0
Precision: 1.00
Recall: 1.00
F1: 1.00
Seed 2         :
Learning Time  : 130.17          sec / 2.17       min
TA Size        : 3
Model statistics
Evaluation Statistics for 200 pos. and 200 neg. traces: 
True Positives: 200
True Negatives: 200
False Positives: 0
False Negatives: 0
Precision: 1.00
Recall: 1.00
F1: 1.00
Seed 3         :
Learning Time  : 148.67          sec / 2.48       min
TA Size        : 3
Model statistics
Evaluation Statistics for 200 pos. and 200 neg. traces: 
True Positives: 200
True Negatives: 183
False Positives: 17
False Negatives: 0
Precision: 0.92
Recall: 1.00
F1: 0.96
Seed 4         :
Learning Time  : 240.90          sec / 4.01       min
TA Size        : 3
Model statistics
Evaluation Statistics for 200 pos. and 200 neg. traces: 
True Positives: 200
True Negatives: 161
False Positives: 39
False Negatives: 0
Precision: 0.84
Recall: 1.00
F1: 0.91
Seed 10        :
Learning Time  : 192.75          sec / 3.21       min
TA Size        : 3
Model statistics
Evaluation Statistics for 200 pos. and 200 neg. traces: 
True Positives: 200
True Negatives: 192
False Positives: 8
False Negatives: 0
Precision: 0.96
Recall: 1.00
F1: 0.98
Seed 5         :
Learning Time  : 167.32          sec / 2.79       min
TA Size        : 3
Model statistics
Evaluation Statistics for 200 pos. and 200 neg. traces: 
True Positives: 200
True Negatives: 196
False Positives: 4
False Negatives: 0
Precision: 0.98
Recall: 1.00
F1: 0.99
Seed 6         :
Learning Time  : 169.56          sec / 2.83       min
TA Size        : 3
Model statistics
Evaluation Statistics for 200 pos. and 200 neg. traces: 
True Positives: 200
True Negatives: 192
False Positives: 8
False Negatives: 0
Precision: 0.96
Recall: 1.00
F1: 0.98
Seed 7         :
Learning Time  : 180.81          sec / 3.01       min
TA Size        : 3
Model statistics
Evaluation Statistics for 200 pos. and 200 neg. traces: 
True Positives: 200
True Negatives: 185
False Positives: 15
False Negatives: 0
Precision: 0.93
Recall: 1.00
F1: 0.96
Seed 8         :
Learning Time  : 30.64           sec / 0.51       min
TA Size        : 2
Model statistics
Evaluation Statistics for 200 pos. and 200 neg. traces: 
True Positives: 200
True Negatives: 197
False Positives: 3
False Negatives: 0
Precision: 0.99
Recall: 1.00
F1: 0.99
Seed 9         :
Learning Time  : 173.02          sec / 2.88       min
TA Size        : 3
Model statistics
Evaluation Statistics for 200 pos. and 200 neg. traces: 
True Positives: 191
True Negatives: 187
False Positives: 13
False Negatives: 9
Precision: 0.94
Recall: 0.96
F1: 0.95
