Time logs for 3loc-real-bfs-bsize1
==================================
Configuration:
==================================
BFS: true 
Batch size: 1 
Location Bound: 4 
Edge Bound: 8 
# Training Traces: 30 
k-Urgency: 3 
Max. Guard Constant: 20 
Solver: SMTINTERPOL 
Mode: Real 
Rounding: 1 
Learning time summary: 
==================================
Mean          :67.58           sec / 1.13       min
Max           :105.77          sec / 1.76       min
Min           :3.34            sec / 0.06       min
Median        :73.31           sec / 1.22       min
Automaton size summary: 
==================================
Mean          :2.90
Max           :3.00
Min           :2.00
Median        :3.00
Model metrics summary: 
==================================
Precision:
Mean          :0.98
Max           :1.00
Min           :0.93
Median        :1.00
Recall:
Mean          :0.99
Max           :1.00
Min           :0.96
Median        :1.00
F1:
Mean          :0.98
Max           :1.00
Min           :0.96
Median        :1.00
Results for individual experiments: 
==================================
Seed 1         :
Learning Time  : 105.77          sec / 1.76       min
TA Size        : 3
Model statistics
Evaluation Statistics for 200 pos. and 200 neg. traces: 
True Positives: 200
True Negatives: 199
False Positives: 1
False Negatives: 0
Precision: 1.00
Recall: 1.00
F1: 1.00
Seed 2         :
Learning Time  : 61.95           sec / 1.03       min
TA Size        : 3
Model statistics
Evaluation Statistics for 200 pos. and 200 neg. traces: 
True Positives: 200
True Negatives: 200
False Positives: 0
False Negatives: 0
Precision: 1.00
Recall: 1.00
F1: 1.00
Seed 3         :
Learning Time  : 93.22           sec / 1.55       min
TA Size        : 3
Model statistics
Evaluation Statistics for 200 pos. and 200 neg. traces: 
True Positives: 200
True Negatives: 185
False Positives: 15
False Negatives: 0
Precision: 0.93
Recall: 1.00
F1: 0.96
Seed 4         :
Learning Time  : 89.94           sec / 1.50       min
TA Size        : 3
Model statistics
Evaluation Statistics for 200 pos. and 200 neg. traces: 
True Positives: 198
True Negatives: 190
False Positives: 10
False Negatives: 2
Precision: 0.95
Recall: 0.99
F1: 0.97
Seed 10        :
Learning Time  : 42.36           sec / 0.71       min
TA Size        : 3
Model statistics
Evaluation Statistics for 200 pos. and 200 neg. traces: 
True Positives: 200
True Negatives: 200
False Positives: 0
False Negatives: 0
Precision: 1.00
Recall: 1.00
F1: 1.00
Seed 5         :
Learning Time  : 84.90           sec / 1.41       min
TA Size        : 3
Model statistics
Evaluation Statistics for 200 pos. and 200 neg. traces: 
True Positives: 200
True Negatives: 200
False Positives: 0
False Negatives: 0
Precision: 1.00
Recall: 1.00
F1: 1.00
Seed 6         :
Learning Time  : 47.66           sec / 0.79       min
TA Size        : 3
Model statistics
Evaluation Statistics for 200 pos. and 200 neg. traces: 
True Positives: 200
True Negatives: 198
False Positives: 2
False Negatives: 0
Precision: 0.99
Recall: 1.00
F1: 1.00
Seed 7         :
Learning Time  : 79.34           sec / 1.32       min
TA Size        : 3
Model statistics
Evaluation Statistics for 200 pos. and 200 neg. traces: 
True Positives: 193
True Negatives: 196
False Positives: 4
False Negatives: 7
Precision: 0.98
Recall: 0.97
F1: 0.97
Seed 8         :
Learning Time  : 3.34            sec / 0.06       min
TA Size        : 2
Model statistics
Evaluation Statistics for 200 pos. and 200 neg. traces: 
True Positives: 200
True Negatives: 198
False Positives: 2
False Negatives: 0
Precision: 0.99
Recall: 1.00
F1: 1.00
Seed 9         :
Learning Time  : 67.28           sec / 1.12       min
TA Size        : 3
Model statistics
Evaluation Statistics for 200 pos. and 200 neg. traces: 
True Positives: 191
True Negatives: 191
False Positives: 9
False Negatives: 9
Precision: 0.96
Recall: 0.96
F1: 0.96
