Time logs for 4loc-real-bfs-bsize1
==================================
Configuration:
==================================
BFS: true 
Batch size: 1 
Location Bound: 5 
Edge Bound: 10 
# Training Traces: 40 
k-Urgency: 3 
Max. Guard Constant: 20 
Solver: SMTINTERPOL 
Mode: Real 
Rounding: 1 
Learning time summary: 
==================================
Mean          :2210.59         sec / 36.84      min
Max           :12467.89        sec / 207.80     min
Min           :6.12            sec / 0.10       min
Median        :1166.56         sec / 19.44      min
Automaton size summary: 
==================================
Mean          :3.70
Max           :5.00
Min           :2.00
Median        :4.00
Model metrics summary: 
==================================
Precision:
Mean          :0.97
Max           :1.00
Min           :0.88
Median        :0.96
Recall:
Mean          :0.98
Max           :1.00
Min           :0.92
Median        :0.97
F1:
Mean          :0.97
Max           :1.00
Min           :0.90
Median        :0.96
Results for individual experiments: 
==================================
Seed 1         :
Learning Time  : 1637.66         sec / 27.29      min
TA Size        : 4
Model statistics
Evaluation Statistics for 200 pos. and 200 neg. traces: 
True Positives: 200
True Negatives: 200
False Positives: 0
False Negatives: 0
Precision: 1.00
Recall: 1.00
F1: 1.00
Seed 2         :
Learning Time  : 134.81          sec / 2.25       min
TA Size        : 3
Model statistics
Evaluation Statistics for 200 pos. and 200 neg. traces: 
True Positives: 198
True Negatives: 199
False Positives: 1
False Negatives: 2
Precision: 0.99
Recall: 0.99
F1: 0.99
Seed 3         :
Learning Time  : 98.48           sec / 1.64       min
TA Size        : 3
Model statistics
Evaluation Statistics for 200 pos. and 200 neg. traces: 
True Positives: 200
True Negatives: 197
False Positives: 3
False Negatives: 0
Precision: 0.99
Recall: 1.00
F1: 0.99
Seed 4         :
Learning Time  : 6.12            sec / 0.10       min
TA Size        : 2
Model statistics
Evaluation Statistics for 200 pos. and 200 neg. traces: 
True Positives: 200
True Negatives: 187
False Positives: 13
False Negatives: 0
Precision: 0.94
Recall: 1.00
F1: 0.97
Seed 10        :
Learning Time  : 966.84          sec / 16.11      min
TA Size        : 4
Model statistics
Evaluation Statistics for 200 pos. and 200 neg. traces: 
True Positives: 189
True Negatives: 189
False Positives: 11
False Negatives: 11
Precision: 0.95
Recall: 0.95
F1: 0.95
Seed 5         :
Learning Time  : 1195.19         sec / 19.92      min
TA Size        : 4
Model statistics
Evaluation Statistics for 200 pos. and 200 neg. traces: 
True Positives: 198
True Negatives: 195
False Positives: 5
False Negatives: 2
Precision: 0.98
Recall: 0.99
F1: 0.98
Seed 6         :
Learning Time  : 1137.93         sec / 18.97      min
TA Size        : 4
Model statistics
Evaluation Statistics for 200 pos. and 200 neg. traces: 
True Positives: 200
True Negatives: 197
False Positives: 3
False Negatives: 0
Precision: 0.99
Recall: 1.00
F1: 0.99
Seed 7         :
Learning Time  : 2330.65         sec / 38.84      min
TA Size        : 4
Model statistics
Evaluation Statistics for 200 pos. and 200 neg. traces: 
True Positives: 185
True Negatives: 192
False Positives: 8
False Negatives: 15
Precision: 0.96
Recall: 0.93
F1: 0.94
Seed 8         :
Learning Time  : 12467.89        sec / 207.80     min
TA Size        : 5
Model statistics
Evaluation Statistics for 200 pos. and 200 neg. traces: 
True Positives: 200
True Negatives: 198
False Positives: 2
False Negatives: 0
Precision: 0.99
Recall: 1.00
F1: 1.00
Seed 9         :
Learning Time  : 2130.32         sec / 35.51      min
TA Size        : 4
Model statistics
Evaluation Statistics for 200 pos. and 200 neg. traces: 
True Positives: 184
True Negatives: 175
False Positives: 25
False Negatives: 16
Precision: 0.88
Recall: 0.92
F1: 0.90
