Time logs for 4loc-int-bfs-bsize1
==================================
Configuration:
==================================
BFS: true 
Batch size: 1 
Location Bound: 5 
Edge Bound: 10 
# Training Traces: 40 
k-Urgency: 3 
Max. Guard Constant: 20 
Solver: SMTINTERPOL 
Mode: Integer 
Rounding: 100 
Learning time summary: 
==================================
Mean          :2214.03         sec / 36.90      min
Max           :10180.57        sec / 169.68     min
Min           :6.58            sec / 0.11       min
Median        :1417.35         sec / 23.62      min
Automaton size summary: 
==================================
Mean          :3.60
Max           :4.00
Min           :2.00
Median        :4.00
Model metrics summary: 
==================================
Precision:
Mean          :0.97
Max           :1.00
Min           :0.92
Median        :0.97
Recall:
Mean          :0.88
Max           :0.98
Min           :0.83
Median        :0.91
F1:
Mean          :0.92
Max           :0.96
Min           :0.88
Median        :0.94
Results for individual experiments: 
==================================
Seed 1         :
Learning Time  : 2317.62         sec / 38.63      min
TA Size        : 4
Model statistics
Evaluation Statistics for 200 pos. and 200 neg. traces: 
True Positives: 180
True Negatives: 200
False Positives: 0
False Negatives: 20
Precision: 1.00
Recall: 0.90
F1: 0.95
Seed 2         :
Learning Time  : 314.70          sec / 5.24       min
TA Size        : 3
Model statistics
Evaluation Statistics for 200 pos. and 200 neg. traces: 
True Positives: 181
True Negatives: 199
False Positives: 1
False Negatives: 19
Precision: 0.99
Recall: 0.91
F1: 0.95
Seed 3         :
Learning Time  : 235.05          sec / 3.92       min
TA Size        : 3
Model statistics
Evaluation Statistics for 200 pos. and 200 neg. traces: 
True Positives: 178
True Negatives: 197
False Positives: 3
False Negatives: 22
Precision: 0.98
Recall: 0.89
F1: 0.93
Seed 4         :
Learning Time  : 6.58            sec / 0.11       min
TA Size        : 2
Model statistics
Evaluation Statistics for 200 pos. and 200 neg. traces: 
True Positives: 169
True Negatives: 191
False Positives: 9
False Negatives: 31
Precision: 0.95
Recall: 0.85
F1: 0.89
Seed 10        :
Learning Time  : 1214.01         sec / 20.23      min
TA Size        : 4
Model statistics
Evaluation Statistics for 200 pos. and 200 neg. traces: 
True Positives: 195
True Negatives: 188
False Positives: 12
False Negatives: 5
Precision: 0.94
Recall: 0.98
F1: 0.96
Seed 5         :
Learning Time  : 1564.17         sec / 26.07      min
TA Size        : 4
Model statistics
Evaluation Statistics for 200 pos. and 200 neg. traces: 
True Positives: 170
True Negatives: 200
False Positives: 0
False Negatives: 30
Precision: 1.00
Recall: 0.85
F1: 0.92
Seed 6         :
Learning Time  : 1270.53         sec / 21.18      min
TA Size        : 4
Model statistics
Evaluation Statistics for 200 pos. and 200 neg. traces: 
True Positives: 165
True Negatives: 198
False Positives: 2
False Negatives: 35
Precision: 0.99
Recall: 0.83
F1: 0.90
Seed 7         :
Learning Time  : 2251.27         sec / 37.52      min
TA Size        : 4
Model statistics
Evaluation Statistics for 200 pos. and 200 neg. traces: 
True Positives: 167
True Negatives: 186
False Positives: 14
False Negatives: 33
Precision: 0.92
Recall: 0.84
F1: 0.88
Seed 8         :
Learning Time  : 10180.57        sec / 169.68     min
TA Size        : 4
Model statistics
Evaluation Statistics for 200 pos. and 200 neg. traces: 
True Positives: 183
True Negatives: 199
False Positives: 1
False Negatives: 17
Precision: 0.99
Recall: 0.92
F1: 0.95
Seed 9         :
Learning Time  : 2785.78         sec / 46.43      min
TA Size        : 4
Model statistics
Evaluation Statistics for 200 pos. and 200 neg. traces: 
True Positives: 170
True Negatives: 194
False Positives: 6
False Negatives: 30
Precision: 0.97
Recall: 0.85
F1: 0.90
